#
# There is insufficient memory for the Java Runtime Environment to continue.
# Native memory allocation (malloc) failed to allocate 65776 bytes for Chunk::new
# Possible reasons:
#   The system is out of physical RAM or swap space
#   The process is running with CompressedOops enabled, and the Java Heap may be blocking the growth of the native heap
# Possible solutions:
#   Reduce memory load on the system
#   Increase physical memory or swap space
#   Check if swap backing store is full
#   Decrease Java heap size (-Xmx/-Xms)
#   Decrease number of Java threads
#   Decrease Java thread stack sizes (-Xss)
#   Set larger code cache with -XX:ReservedCodeCacheSize=
#   JVM is running with Unscaled Compressed Oops mode in which the Java heap is
#     placed in the first 4GB address space. The Java Heap base address is the
#     maximum limit for the native heap growth. Please use -XX:HeapBaseMinAddress
#     to set the Java Heap base and to place the Java Heap above 4GB virtual address.
# This output file may be truncated or incomplete.
#
#  Out of Memory Error (c:/BuildAgent/work/5ff2f6c26000d570/src/hotspot/share/memory/arena.cpp:197), pid=12000, tid=12712
#
# JRE version: OpenJDK Runtime Environment (11.0.6+8) (build 11.0.6+8-b520.43)
# Java VM: OpenJDK 64-Bit Server VM (11.0.6+8-b520.43, mixed mode, sharing, tiered, compressed oops, g1 gc, windows-amd64)
# No core dump will be written. Minidumps are not enabled by default on client versions of Windows
#

---------------  S U M M A R Y ------------

Command Line: --add-opens=java.base/java.util=ALL-UNNAMED --add-opens=java.base/java.lang=ALL-UNNAMED --add-opens=java.base/java.lang.invoke=ALL-UNNAMED --add-opens=java.prefs/java.util.prefs=ALL-UNNAMED -XX:MaxMetaspaceSize=256m -XX:+HeapDumpOnOutOfMemoryError -Xms256m -Xmx512m -Dfile.encoding=windows-1252 -Duser.country=ID -Duser.language=en -Duser.variant org.gradle.launcher.daemon.bootstrap.GradleDaemon 6.3

Host: Intel(R) Celeron(R) N4000 CPU @ 1.10GHz, 2 cores, 3G,  Windows 10 , 64 bit Build 18362 (10.0.18362.778)
Time: Wed Apr 29 19:50:05 2020 SE Asia Standard Time elapsed time: 1156 seconds (0d 0h 19m 16s)

---------------  T H R E A D  ---------------

Current thread (0x0000021b58b2d800):  JavaThread "C2 CompilerThread0" daemon [_thread_in_native, id=12712, stack(0x0000008fbed00000,0x0000008fbee00000)]


Current CompileTask:
C2:1156151 6516       4       java.util.Properties::getProperty (50 bytes)

Stack: [0x0000008fbed00000,0x0000008fbee00000]
Native frames: (J=compiled Java code, j=interpreted, Vv=VM code, C=native code)
V  [jvm.dll+0x5de31a]
V  [jvm.dll+0x710ae5]
V  [jvm.dll+0x712005]
V  [jvm.dll+0x7126b3]
V  [jvm.dll+0x23e3a8]
V  [jvm.dll+0xb8b5c]
V  [jvm.dll+0xb905c]
V  [jvm.dll+0x35000d]
V  [jvm.dll+0x19452c]
V  [jvm.dll+0x1f78ce]
V  [jvm.dll+0x1f6994]
V  [jvm.dll+0x17f76c]
V  [jvm.dll+0x204dd7]
V  [jvm.dll+0x203641]
V  [jvm.dll+0x6da98f]
V  [jvm.dll+0x6d379d]
V  [jvm.dll+0x5dd2e6]
C  [ucrtbase.dll+0x20e72]
C  [KERNEL32.DLL+0x17bd4]
C  [ntdll.dll+0x6ce51]


---------------  P R O C E S S  ---------------

Threads class SMR info:
_java_thread_list=0x0000021b5bf8bce0, length=41, elements={
0x0000021b4077f800, 0x0000021b58b08000, 0x0000021b58b09000, 0x0000021b58b27000,
0x0000021b58b28800, 0x0000021b58b2d800, 0x0000021b58b30800, 0x0000021b58b3d800,
0x0000021b59576800, 0x0000021b59589800, 0x0000021b5a73e000, 0x0000021b598a2000,
0x0000021b5ac32800, 0x0000021b5a359000, 0x0000021b598bf000, 0x0000021b5ace7800,
0x0000021b5a363000, 0x0000021b5a822800, 0x0000021b5963d000, 0x0000021b5a3e2800,
0x0000021b59f6d800, 0x0000021b59f70800, 0x0000021b59f6c800, 0x0000021b59f71800,
0x0000021b59f6b800, 0x0000021b59f70000, 0x0000021b59f72800, 0x0000021b59f6e000,
0x0000021b5d176000, 0x0000021b5d178800, 0x0000021b5d174800, 0x0000021b5d172800,
0x0000021b5d175000, 0x0000021b5d179000, 0x0000021b5d173800, 0x0000021b5d17e000,
0x0000021b5d17f000, 0x0000021b5d180000, 0x0000021b5d17b000, 0x0000021b5d17a000,
0x0000021b5d180800
}

Java Threads: ( => current thread )
  0x0000021b4077f800 JavaThread "main" [_thread_blocked, id=12380, stack(0x0000008fbe200000,0x0000008fbe300000)]
  0x0000021b58b08000 JavaThread "Reference Handler" daemon [_thread_blocked, id=11836, stack(0x0000008fbe900000,0x0000008fbea00000)]
  0x0000021b58b09000 JavaThread "Finalizer" daemon [_thread_blocked, id=12324, stack(0x0000008fbea00000,0x0000008fbeb00000)]
  0x0000021b58b27000 JavaThread "Signal Dispatcher" daemon [_thread_blocked, id=10768, stack(0x0000008fbeb00000,0x0000008fbec00000)]
  0x0000021b58b28800 JavaThread "Attach Listener" daemon [_thread_blocked, id=8692, stack(0x0000008fbec00000,0x0000008fbed00000)]
=>0x0000021b58b2d800 JavaThread "C2 CompilerThread0" daemon [_thread_in_native, id=12712, stack(0x0000008fbed00000,0x0000008fbee00000)]
  0x0000021b58b30800 JavaThread "C1 CompilerThread0" daemon [_thread_blocked, id=1768, stack(0x0000008fbee00000,0x0000008fbef00000)]
  0x0000021b58b3d800 JavaThread "Sweeper thread" daemon [_thread_blocked, id=4904, stack(0x0000008fbef00000,0x0000008fbf000000)]
  0x0000021b59576800 JavaThread "Common-Cleaner" daemon [_thread_blocked, id=12924, stack(0x0000008fbf000000,0x0000008fbf100000)]
  0x0000021b59589800 JavaThread "Service Thread" daemon [_thread_blocked, id=964, stack(0x0000008fbf100000,0x0000008fbf200000)]
  0x0000021b5a73e000 JavaThread "Daemon health stats" [_thread_blocked, id=9448, stack(0x0000008fbf400000,0x0000008fbf500000)]
  0x0000021b598a2000 JavaThread "Incoming local TCP Connector on port 15767" [_thread_in_native, id=4612, stack(0x0000008fbf500000,0x0000008fbf600000)]
  0x0000021b5ac32800 JavaThread "Daemon periodic checks" [_thread_blocked, id=8528, stack(0x0000008fbf600000,0x0000008fbf700000)]
  0x0000021b5a359000 JavaThread "Daemon" [_thread_blocked, id=5768, stack(0x0000008fbf700000,0x0000008fbf800000)]
  0x0000021b598bf000 JavaThread "Handler for socket connection from /127.0.0.1:15767 to /127.0.0.1:15768" [_thread_in_native, id=12772, stack(0x0000008fbf800000,0x0000008fbf900000)]
  0x0000021b5ace7800 JavaThread "Cancel handler" [_thread_blocked, id=4348, stack(0x0000008fbf900000,0x0000008fbfa00000)]
  0x0000021b5a363000 JavaThread "Daemon worker" [_thread_blocked, id=12468, stack(0x0000008fbfa00000,0x0000008fbfb00000)]
  0x0000021b5a822800 JavaThread "Asynchronous log dispatcher for DefaultDaemonConnection: socket connection from /127.0.0.1:15767 to /127.0.0.1:15768" [_thread_blocked, id=864, stack(0x0000008fbfb00000,0x0000008fbfc00000)]
  0x0000021b5963d000 JavaThread "Stdin handler" [_thread_blocked, id=9804, stack(0x0000008fbfc00000,0x0000008fbfd00000)]
  0x0000021b5a3e2800 JavaThread "Thread-8" [_thread_blocked, id=2844, stack(0x0000008fbfd00000,0x0000008fbfe00000)]
  0x0000021b59f6d800 JavaThread "Cache worker for journal cache (C:\Users\ASUS\.gradle\caches\journal-1)" [_thread_blocked, id=12668, stack(0x0000008fbfe00000,0x0000008fbff00000)]
  0x0000021b59f70800 JavaThread "File lock request listener" [_thread_in_native, id=12680, stack(0x0000008fbff00000,0x0000008fc0000000)]
  0x0000021b59f6c800 JavaThread "Cache worker for file hash cache (C:\Users\ASUS\.gradle\caches\6.3\fileHashes)" [_thread_blocked, id=9968, stack(0x0000008fc0000000,0x0000008fc0100000)]
  0x0000021b59f71800 JavaThread "Cache worker for checksums cache (C:\Users\ASUS\java\jfood\.gradle\checksums)" [_thread_blocked, id=1700, stack(0x0000008fc0100000,0x0000008fc0200000)]
  0x0000021b59f6b800 JavaThread "Cache worker for file hash cache (C:\Users\ASUS\java\jfood\.gradle\6.3\fileHashes)" [_thread_blocked, id=7432, stack(0x0000008fc0200000,0x0000008fc0300000)]
  0x0000021b59f70000 JavaThread "Cache worker for cache directory md-supplier (C:\Users\ASUS\.gradle\caches\6.3\md-supplier)" [_thread_blocked, id=2272, stack(0x0000008fc0300000,0x0000008fc0400000)]
  0x0000021b59f72800 JavaThread "Cache worker for cache directory md-rule (C:\Users\ASUS\.gradle\caches\6.3\md-rule)" [_thread_blocked, id=4540, stack(0x0000008fc0400000,0x0000008fc0500000)]
  0x0000021b59f6e000 JavaThread "Cache worker for execution history cache (C:\Users\ASUS\.gradle\caches\6.3\executionHistory)" [_thread_blocked, id=8444, stack(0x0000008fc0500000,0x0000008fc0600000)]
  0x0000021b5d176000 JavaThread "Build operations" [_thread_blocked, id=7336, stack(0x0000008fc0600000,0x0000008fc0700000)]
  0x0000021b5d178800 JavaThread "Build operations Thread 2" [_thread_blocked, id=7160, stack(0x0000008fc0700000,0x0000008fc0800000)]
  0x0000021b5d174800 JavaThread "Cache worker for Build Output Cleanup Cache (C:\Users\ASUS\java\jfood\.gradle\buildOutputCleanup)" [_thread_blocked, id=3496, stack(0x0000008fc0800000,0x0000008fc0900000)]
  0x0000021b5d172800 JavaThread "Memory manager" [_thread_blocked, id=9820, stack(0x0000008fc0900000,0x0000008fc0a00000)]
  0x0000021b5d175000 JavaThread "Cache worker for file content cache (C:\Users\ASUS\.gradle\caches\6.3\fileContent)" [_thread_blocked, id=8556, stack(0x0000008fc0a00000,0x0000008fc0b00000)]
  0x0000021b5d179000 JavaThread "Cache worker for file content cache (C:\Users\ASUS\java\jfood\.gradle\6.3\fileContent)" [_thread_blocked, id=11316, stack(0x0000008fc0b00000,0x0000008fc0c00000)]
  0x0000021b5d173800 JavaThread "Execution worker for ':'" [_thread_blocked, id=3548, stack(0x0000008fc0c00000,0x0000008fc0d00000)]
  0x0000021b5d17e000 JavaThread "Cache worker for execution history cache (C:\Users\ASUS\java\jfood\.gradle\6.3\executionHistory)" [_thread_blocked, id=7972, stack(0x0000008fc0d00000,0x0000008fc0e00000)]
  0x0000021b5d17f000 JavaThread "Exec process" [_thread_in_native, id=11964, stack(0x0000008fc0e00000,0x0000008fc0f00000)]
  0x0000021b5d180000 JavaThread "Exec process Thread 2" [_thread_blocked, id=3212, stack(0x0000008fc0f00000,0x0000008fc1000000)]
  0x0000021b5d17b000 JavaThread "Exec process Thread 3" [_thread_in_native, id=10652, stack(0x0000008fc1000000,0x0000008fc1100000)]
  0x0000021b5d17a000 JavaThread "DisconnectableInputStream source reader" daemon [_thread_blocked, id=11832, stack(0x0000008fc1100000,0x0000008fc1200000)]
  0x0000021b5d180800 JavaThread "Exec process Thread 4" [_thread_in_native, id=4628, stack(0x0000008fc1200000,0x0000008fc1300000)]

Other Threads:
  0x0000021b58b01800 VMThread "VM Thread" [stack: 0x0000008fbe800000,0x0000008fbe900000] [id=12180]
  0x0000021b5958a800 WatcherThread [stack: 0x0000008fbf200000,0x0000008fbf300000] [id=8240]
  0x0000021b40797000 GCTaskThread "GC Thread#0" [stack: 0x0000008fbe300000,0x0000008fbe400000] [id=4876]
  0x0000021b598d5000 GCTaskThread "GC Thread#1" [stack: 0x0000008fbf300000,0x0000008fbf400000] [id=12632]
  0x0000021b407a9800 ConcurrentGCThread "G1 Main Marker" [stack: 0x0000008fbe400000,0x0000008fbe500000] [id=9072]
  0x0000021b407ac000 ConcurrentGCThread "G1 Conc#0" [stack: 0x0000008fbe500000,0x0000008fbe600000] [id=2888]
  0x0000021b4084e000 ConcurrentGCThread "G1 Refine#0" [stack: 0x0000008fbe600000,0x0000008fbe700000] [id=2364]
  0x0000021b589c8800 ConcurrentGCThread "G1 Young RemSet Sampling" [stack: 0x0000008fbe700000,0x0000008fbe800000] [id=2748]

Threads with active compile tasks:
C2 CompilerThread01156618 6516       4       java.util.Properties::getProperty (50 bytes)

VM state:not at safepoint (normal execution)

VM Mutex/Monitor currently owned by a thread: None

Heap address: 0x00000000e0000000, size: 512 MB, Compressed Oops mode: 32-bit
Narrow klass base: 0x0000000800000000, Narrow klass shift: 3
Compressed class space size: 260046848 Address: 0x0000000840000000

Heap:
 garbage-first heap   total 262144K, used 90971K [0x00000000e0000000, 0x0000000100000000)
  region size 1024K, 68 young (69632K), 17 survivors (17408K)
 Metaspace       used 44537K, capacity 45897K, committed 46000K, reserved 294912K
  class space    used 6081K, capacity 6593K, committed 6656K, reserved 253952K
Heap Regions: E=young(eden), S=young(survivor), O=old, HS=humongous(starts), HC=humongous(continues), CS=collection set, F=free, A=archive, TAMS=top-at-mark-start (previous, next)
|   0|0x00000000e0000000, 0x00000000e0100000, 0x00000000e0100000|100%| O|  |TAMS 0x00000000e0100000, 0x00000000e0000000| Untracked 
|   1|0x00000000e0100000, 0x00000000e0200000, 0x00000000e0200000|100%| O|  |TAMS 0x00000000e0200000, 0x00000000e0100000| Untracked 
|   2|0x00000000e0200000, 0x00000000e0300000, 0x00000000e0300000|100%| O|  |TAMS 0x00000000e0300000, 0x00000000e0200000| Untracked 
|   3|0x00000000e0300000, 0x00000000e0400000, 0x00000000e0400000|100%|HS|  |TAMS 0x00000000e0400000, 0x00000000e0300000| Complete 
|   4|0x00000000e0400000, 0x00000000e0500000, 0x00000000e0500000|100%|HC|  |TAMS 0x00000000e0500000, 0x00000000e0400000| Complete 
|   5|0x00000000e0500000, 0x00000000e0600000, 0x00000000e0600000|100%|HC|  |TAMS 0x00000000e0600000, 0x00000000e0500000| Complete 
|   6|0x00000000e0600000, 0x00000000e0700000, 0x00000000e0700000|100%| O|  |TAMS 0x00000000e0700000, 0x00000000e0600000| Untracked 
|   7|0x00000000e0700000, 0x00000000e0800000, 0x00000000e0800000|100%| O|  |TAMS 0x00000000e0800000, 0x00000000e0700000| Untracked 
|   8|0x00000000e0800000, 0x00000000e0900000, 0x00000000e0900000|100%| O|  |TAMS 0x00000000e0900000, 0x00000000e0800000| Untracked 
|   9|0x00000000e0900000, 0x00000000e0a00000, 0x00000000e0a00000|100%| O|  |TAMS 0x00000000e0a00000, 0x00000000e0900000| Untracked 
|  10|0x00000000e0a00000, 0x00000000e0b00000, 0x00000000e0b00000|100%| O|  |TAMS 0x00000000e0b00000, 0x00000000e0a00000| Untracked 
|  11|0x00000000e0b00000, 0x00000000e0c00000, 0x00000000e0c00000|100%| O|  |TAMS 0x00000000e0c00000, 0x00000000e0b00000| Untracked 
|  12|0x00000000e0c00000, 0x00000000e0d00000, 0x00000000e0d00000|100%| O|  |TAMS 0x00000000e0d00000, 0x00000000e0c00000| Untracked 
|  13|0x00000000e0d00000, 0x00000000e0e00000, 0x00000000e0e00000|100%| O|  |TAMS 0x00000000e0e00000, 0x00000000e0d00000| Untracked 
|  14|0x00000000e0e00000, 0x00000000e0f00000, 0x00000000e0f00000|100%| O|  |TAMS 0x00000000e0f00000, 0x00000000e0e00000| Untracked 
|  15|0x00000000e0f00000, 0x00000000e1000000, 0x00000000e1000000|100%| O|  |TAMS 0x00000000e1000000, 0x00000000e0f00000| Untracked 
|  16|0x00000000e1000000, 0x00000000e1100000, 0x00000000e1100000|100%| O|  |TAMS 0x00000000e1100000, 0x00000000e1000000| Untracked 
|  17|0x00000000e1100000, 0x00000000e1200000, 0x00000000e1200000|100%| O|  |TAMS 0x00000000e1200000, 0x00000000e1100000| Untracked 
|  18|0x00000000e1200000, 0x00000000e1300000, 0x00000000e1300000|100%| O|  |TAMS 0x00000000e1300000, 0x00000000e1200000| Untracked 
|  19|0x00000000e1300000, 0x00000000e1400000, 0x00000000e1400000|100%| O|  |TAMS 0x00000000e1400000, 0x00000000e1300000| Untracked 
|  20|0x00000000e1400000, 0x00000000e1500000, 0x00000000e1500000|100%| O|  |TAMS 0x00000000e1500000, 0x00000000e1400000| Untracked 
|  21|0x00000000e1500000, 0x00000000e1600000, 0x00000000e1600000|100%| O|  |TAMS 0x00000000e1600000, 0x00000000e1500000| Untracked 
|  22|0x00000000e1600000, 0x00000000e1656e00, 0x00000000e1700000| 33%| O|  |TAMS 0x00000000e1656e00, 0x00000000e1600000| Untracked 
|  23|0x00000000e1700000, 0x00000000e1700000, 0x00000000e1800000|  0%| F|  |TAMS 0x00000000e1700000, 0x00000000e1700000| Untracked 
|  24|0x00000000e1800000, 0x00000000e1800000, 0x00000000e1900000|  0%| F|  |TAMS 0x00000000e1800000, 0x00000000e1800000| Untracked 
|  25|0x00000000e1900000, 0x00000000e1900000, 0x00000000e1a00000|  0%| F|  |TAMS 0x00000000e1900000, 0x00000000e1900000| Untracked 
|  26|0x00000000e1a00000, 0x00000000e1a00000, 0x00000000e1b00000|  0%| F|  |TAMS 0x00000000e1a00000, 0x00000000e1a00000| Untracked 
|  27|0x00000000e1b00000, 0x00000000e1b00000, 0x00000000e1c00000|  0%| F|  |TAMS 0x00000000e1b00000, 0x00000000e1b00000| Untracked 
|  28|0x00000000e1c00000, 0x00000000e1c00000, 0x00000000e1d00000|  0%| F|  |TAMS 0x00000000e1c00000, 0x00000000e1c00000| Untracked 
|  29|0x00000000e1d00000, 0x00000000e1d00000, 0x00000000e1e00000|  0%| F|  |TAMS 0x00000000e1d00000, 0x00000000e1d00000| Untracked 
|  30|0x00000000e1e00000, 0x00000000e1e00000, 0x00000000e1f00000|  0%| F|  |TAMS 0x00000000e1e00000, 0x00000000e1e00000| Untracked 
|  31|0x00000000e1f00000, 0x00000000e1f00000, 0x00000000e2000000|  0%| F|  |TAMS 0x00000000e1f00000, 0x00000000e1f00000| Untracked 
|  32|0x00000000e2000000, 0x00000000e2000000, 0x00000000e2100000|  0%| F|  |TAMS 0x00000000e2000000, 0x00000000e2000000| Untracked 
|  33|0x00000000e2100000, 0x00000000e2100000, 0x00000000e2200000|  0%| F|  |TAMS 0x00000000e2100000, 0x00000000e2100000| Untracked 
|  34|0x00000000e2200000, 0x00000000e2200000, 0x00000000e2300000|  0%| F|  |TAMS 0x00000000e2200000, 0x00000000e2200000| Untracked 
|  35|0x00000000e2300000, 0x00000000e2300000, 0x00000000e2400000|  0%| F|  |TAMS 0x00000000e2300000, 0x00000000e2300000| Untracked 
|  36|0x00000000e2400000, 0x00000000e2400000, 0x00000000e2500000|  0%| F|  |TAMS 0x00000000e2400000, 0x00000000e2400000| Untracked 
|  37|0x00000000e2500000, 0x00000000e2500000, 0x00000000e2600000|  0%| F|  |TAMS 0x00000000e2500000, 0x00000000e2500000| Untracked 
|  38|0x00000000e2600000, 0x00000000e2600000, 0x00000000e2700000|  0%| F|  |TAMS 0x00000000e2600000, 0x00000000e2600000| Untracked 
|  39|0x00000000e2700000, 0x00000000e2700000, 0x00000000e2800000|  0%| F|  |TAMS 0x00000000e2700000, 0x00000000e2700000| Untracked 
|  40|0x00000000e2800000, 0x00000000e2800000, 0x00000000e2900000|  0%| F|  |TAMS 0x00000000e2800000, 0x00000000e2800000| Untracked 
|  41|0x00000000e2900000, 0x00000000e2900000, 0x00000000e2a00000|  0%| F|  |TAMS 0x00000000e2900000, 0x00000000e2900000| Untracked 
|  42|0x00000000e2a00000, 0x00000000e2a00000, 0x00000000e2b00000|  0%| F|  |TAMS 0x00000000e2a00000, 0x00000000e2a00000| Untracked 
|  43|0x00000000e2b00000, 0x00000000e2b00000, 0x00000000e2c00000|  0%| F|  |TAMS 0x00000000e2b00000, 0x00000000e2b00000| Untracked 
|  44|0x00000000e2c00000, 0x00000000e2c00000, 0x00000000e2d00000|  0%| F|  |TAMS 0x00000000e2c00000, 0x00000000e2c00000| Untracked 
|  45|0x00000000e2d00000, 0x00000000e2d00000, 0x00000000e2e00000|  0%| F|  |TAMS 0x00000000e2d00000, 0x00000000e2d00000| Untracked 
|  46|0x00000000e2e00000, 0x00000000e2e00000, 0x00000000e2f00000|  0%| F|  |TAMS 0x00000000e2e00000, 0x00000000e2e00000| Untracked 
|  47|0x00000000e2f00000, 0x00000000e2f00000, 0x00000000e3000000|  0%| F|  |TAMS 0x00000000e2f00000, 0x00000000e2f00000| Untracked 
|  48|0x00000000e3000000, 0x00000000e3000000, 0x00000000e3100000|  0%| F|  |TAMS 0x00000000e3000000, 0x00000000e3000000| Untracked 
|  49|0x00000000e3100000, 0x00000000e3100000, 0x00000000e3200000|  0%| F|  |TAMS 0x00000000e3100000, 0x00000000e3100000| Untracked 
|  50|0x00000000e3200000, 0x00000000e3200000, 0x00000000e3300000|  0%| F|  |TAMS 0x00000000e3200000, 0x00000000e3200000| Untracked 
|  51|0x00000000e3300000, 0x00000000e3300000, 0x00000000e3400000|  0%| F|  |TAMS 0x00000000e3300000, 0x00000000e3300000| Untracked 
|  52|0x00000000e3400000, 0x00000000e3400000, 0x00000000e3500000|  0%| F|  |TAMS 0x00000000e3400000, 0x00000000e3400000| Untracked 
|  53|0x00000000e3500000, 0x00000000e3500000, 0x00000000e3600000|  0%| F|  |TAMS 0x00000000e3500000, 0x00000000e3500000| Untracked 
|  54|0x00000000e3600000, 0x00000000e3600000, 0x00000000e3700000|  0%| F|  |TAMS 0x00000000e3600000, 0x00000000e3600000| Untracked 
|  55|0x00000000e3700000, 0x00000000e3700000, 0x00000000e3800000|  0%| F|  |TAMS 0x00000000e3700000, 0x00000000e3700000| Untracked 
|  56|0x00000000e3800000, 0x00000000e3800000, 0x00000000e3900000|  0%| F|  |TAMS 0x00000000e3800000, 0x00000000e3800000| Untracked 
|  57|0x00000000e3900000, 0x00000000e3900000, 0x00000000e3a00000|  0%| F|  |TAMS 0x00000000e3900000, 0x00000000e3900000| Untracked 
|  58|0x00000000e3a00000, 0x00000000e3a00000, 0x00000000e3b00000|  0%| F|  |TAMS 0x00000000e3a00000, 0x00000000e3a00000| Untracked 
|  59|0x00000000e3b00000, 0x00000000e3b00000, 0x00000000e3c00000|  0%| F|  |TAMS 0x00000000e3b00000, 0x00000000e3b00000| Untracked 
|  60|0x00000000e3c00000, 0x00000000e3c00000, 0x00000000e3d00000|  0%| F|  |TAMS 0x00000000e3c00000, 0x00000000e3c00000| Untracked 
|  61|0x00000000e3d00000, 0x00000000e3d00000, 0x00000000e3e00000|  0%| F|  |TAMS 0x00000000e3d00000, 0x00000000e3d00000| Untracked 
|  62|0x00000000e3e00000, 0x00000000e3e00000, 0x00000000e3f00000|  0%| F|  |TAMS 0x00000000e3e00000, 0x00000000e3e00000| Untracked 
|  63|0x00000000e3f00000, 0x00000000e3f00000, 0x00000000e4000000|  0%| F|  |TAMS 0x00000000e3f00000, 0x00000000e3f00000| Untracked 
|  64|0x00000000e4000000, 0x00000000e4000000, 0x00000000e4100000|  0%| F|  |TAMS 0x00000000e4000000, 0x00000000e4000000| Untracked 
|  65|0x00000000e4100000, 0x00000000e4100000, 0x00000000e4200000|  0%| F|  |TAMS 0x00000000e4100000, 0x00000000e4100000| Untracked 
|  66|0x00000000e4200000, 0x00000000e4200000, 0x00000000e4300000|  0%| F|  |TAMS 0x00000000e4200000, 0x00000000e4200000| Untracked 
|  67|0x00000000e4300000, 0x00000000e4300000, 0x00000000e4400000|  0%| F|  |TAMS 0x00000000e4300000, 0x00000000e4300000| Untracked 
|  68|0x00000000e4400000, 0x00000000e4400000, 0x00000000e4500000|  0%| F|  |TAMS 0x00000000e4400000, 0x00000000e4400000| Untracked 
|  69|0x00000000e4500000, 0x00000000e4500000, 0x00000000e4600000|  0%| F|  |TAMS 0x00000000e4500000, 0x00000000e4500000| Untracked 
|  70|0x00000000e4600000, 0x00000000e4600000, 0x00000000e4700000|  0%| F|  |TAMS 0x00000000e4600000, 0x00000000e4600000| Untracked 
|  71|0x00000000e4700000, 0x00000000e4700000, 0x00000000e4800000|  0%| F|  |TAMS 0x00000000e4700000, 0x00000000e4700000| Untracked 
|  72|0x00000000e4800000, 0x00000000e4800000, 0x00000000e4900000|  0%| F|  |TAMS 0x00000000e4800000, 0x00000000e4800000| Untracked 
|  73|0x00000000e4900000, 0x00000000e4900000, 0x00000000e4a00000|  0%| F|  |TAMS 0x00000000e4900000, 0x00000000e4900000| Untracked 
|  74|0x00000000e4a00000, 0x00000000e4a00000, 0x00000000e4b00000|  0%| F|  |TAMS 0x00000000e4a00000, 0x00000000e4a00000| Untracked 
|  75|0x00000000e4b00000, 0x00000000e4b00000, 0x00000000e4c00000|  0%| F|  |TAMS 0x00000000e4b00000, 0x00000000e4b00000| Untracked 
|  76|0x00000000e4c00000, 0x00000000e4c00000, 0x00000000e4d00000|  0%| F|  |TAMS 0x00000000e4c00000, 0x00000000e4c00000| Untracked 
|  77|0x00000000e4d00000, 0x00000000e4d00000, 0x00000000e4e00000|  0%| F|  |TAMS 0x00000000e4d00000, 0x00000000e4d00000| Untracked 
|  78|0x00000000e4e00000, 0x00000000e4e00000, 0x00000000e4f00000|  0%| F|  |TAMS 0x00000000e4e00000, 0x00000000e4e00000| Untracked 
|  79|0x00000000e4f00000, 0x00000000e4f00000, 0x00000000e5000000|  0%| F|  |TAMS 0x00000000e4f00000, 0x00000000e4f00000| Untracked 
|  80|0x00000000e5000000, 0x00000000e5000000, 0x00000000e5100000|  0%| F|  |TAMS 0x00000000e5000000, 0x00000000e5000000| Untracked 
|  81|0x00000000e5100000, 0x00000000e5100000, 0x00000000e5200000|  0%| F|  |TAMS 0x00000000e5100000, 0x00000000e5100000| Untracked 
|  82|0x00000000e5200000, 0x00000000e5200000, 0x00000000e5300000|  0%| F|  |TAMS 0x00000000e5200000, 0x00000000e5200000| Untracked 
|  83|0x00000000e5300000, 0x00000000e5300000, 0x00000000e5400000|  0%| F|  |TAMS 0x00000000e5300000, 0x00000000e5300000| Untracked 
|  84|0x00000000e5400000, 0x00000000e5400000, 0x00000000e5500000|  0%| F|  |TAMS 0x00000000e5400000, 0x00000000e5400000| Untracked 
|  85|0x00000000e5500000, 0x00000000e5500000, 0x00000000e5600000|  0%| F|  |TAMS 0x00000000e5500000, 0x00000000e5500000| Untracked 
|  86|0x00000000e5600000, 0x00000000e5600000, 0x00000000e5700000|  0%| F|  |TAMS 0x00000000e5600000, 0x00000000e5600000| Untracked 
|  87|0x00000000e5700000, 0x00000000e5700000, 0x00000000e5800000|  0%| F|  |TAMS 0x00000000e5700000, 0x00000000e5700000| Untracked 
|  88|0x00000000e5800000, 0x00000000e5800000, 0x00000000e5900000|  0%| F|  |TAMS 0x00000000e5800000, 0x00000000e5800000| Untracked 
|  89|0x00000000e5900000, 0x00000000e5900000, 0x00000000e5a00000|  0%| F|  |TAMS 0x00000000e5900000, 0x00000000e5900000| Untracked 
|  90|0x00000000e5a00000, 0x00000000e5a00000, 0x00000000e5b00000|  0%| F|  |TAMS 0x00000000e5a00000, 0x00000000e5a00000| Untracked 
|  91|0x00000000e5b00000, 0x00000000e5b00000, 0x00000000e5c00000|  0%| F|  |TAMS 0x00000000e5b00000, 0x00000000e5b00000| Untracked 
|  92|0x00000000e5c00000, 0x00000000e5c00000, 0x00000000e5d00000|  0%| F|  |TAMS 0x00000000e5c00000, 0x00000000e5c00000| Untracked 
|  93|0x00000000e5d00000, 0x00000000e5d00000, 0x00000000e5e00000|  0%| F|  |TAMS 0x00000000e5d00000, 0x00000000e5d00000| Untracked 
|  94|0x00000000e5e00000, 0x00000000e5e00000, 0x00000000e5f00000|  0%| F|  |TAMS 0x00000000e5e00000, 0x00000000e5e00000| Untracked 
|  95|0x00000000e5f00000, 0x00000000e5f00000, 0x00000000e6000000|  0%| F|  |TAMS 0x00000000e5f00000, 0x00000000e5f00000| Untracked 
|  96|0x00000000e6000000, 0x00000000e6000000, 0x00000000e6100000|  0%| F|  |TAMS 0x00000000e6000000, 0x00000000e6000000| Untracked 
|  97|0x00000000e6100000, 0x00000000e6100000, 0x00000000e6200000|  0%| F|  |TAMS 0x00000000e6100000, 0x00000000e6100000| Untracked 
|  98|0x00000000e6200000, 0x00000000e6200000, 0x00000000e6300000|  0%| F|  |TAMS 0x00000000e6200000, 0x00000000e6200000| Untracked 
|  99|0x00000000e6300000, 0x00000000e6300000, 0x00000000e6400000|  0%| F|  |TAMS 0x00000000e6300000, 0x00000000e6300000| Untracked 
| 100|0x00000000e6400000, 0x00000000e6400000, 0x00000000e6500000|  0%| F|  |TAMS 0x00000000e6400000, 0x00000000e6400000| Untracked 
| 101|0x00000000e6500000, 0x00000000e6580000, 0x00000000e6600000| 50%| S|CS|TAMS 0x00000000e6500000, 0x00000000e6500000| Complete 
| 102|0x00000000e6600000, 0x00000000e6700000, 0x00000000e6700000|100%| S|CS|TAMS 0x00000000e6600000, 0x00000000e6600000| Complete 
| 103|0x00000000e6700000, 0x00000000e6800000, 0x00000000e6800000|100%| S|CS|TAMS 0x00000000e6700000, 0x00000000e6700000| Complete 
| 104|0x00000000e6800000, 0x00000000e6900000, 0x00000000e6900000|100%| S|CS|TAMS 0x00000000e6800000, 0x00000000e6800000| Complete 
| 105|0x00000000e6900000, 0x00000000e6a00000, 0x00000000e6a00000|100%| S|CS|TAMS 0x00000000e6900000, 0x00000000e6900000| Complete 
| 106|0x00000000e6a00000, 0x00000000e6b00000, 0x00000000e6b00000|100%| S|CS|TAMS 0x00000000e6a00000, 0x00000000e6a00000| Complete 
| 107|0x00000000e6b00000, 0x00000000e6c00000, 0x00000000e6c00000|100%| S|CS|TAMS 0x00000000e6b00000, 0x00000000e6b00000| Complete 
| 108|0x00000000e6c00000, 0x00000000e6d00000, 0x00000000e6d00000|100%| S|CS|TAMS 0x00000000e6c00000, 0x00000000e6c00000| Complete 
| 109|0x00000000e6d00000, 0x00000000e6e00000, 0x00000000e6e00000|100%| S|CS|TAMS 0x00000000e6d00000, 0x00000000e6d00000| Complete 
| 110|0x00000000e6e00000, 0x00000000e6f00000, 0x00000000e6f00000|100%| S|CS|TAMS 0x00000000e6e00000, 0x00000000e6e00000| Complete 
| 111|0x00000000e6f00000, 0x00000000e7000000, 0x00000000e7000000|100%| S|CS|TAMS 0x00000000e6f00000, 0x00000000e6f00000| Complete 
| 112|0x00000000e7000000, 0x00000000e7100000, 0x00000000e7100000|100%| S|CS|TAMS 0x00000000e7000000, 0x00000000e7000000| Complete 
| 113|0x00000000e7100000, 0x00000000e7200000, 0x00000000e7200000|100%| S|CS|TAMS 0x00000000e7100000, 0x00000000e7100000| Complete 
| 114|0x00000000e7200000, 0x00000000e7300000, 0x00000000e7300000|100%| S|CS|TAMS 0x00000000e7200000, 0x00000000e7200000| Complete 
| 115|0x00000000e7300000, 0x00000000e7400000, 0x00000000e7400000|100%| S|CS|TAMS 0x00000000e7300000, 0x00000000e7300000| Complete 
| 116|0x00000000e7400000, 0x00000000e7500000, 0x00000000e7500000|100%| S|CS|TAMS 0x00000000e7400000, 0x00000000e7400000| Complete 
| 117|0x00000000e7500000, 0x00000000e7600000, 0x00000000e7600000|100%| S|CS|TAMS 0x00000000e7500000, 0x00000000e7500000| Complete 
| 118|0x00000000e7600000, 0x00000000e7600000, 0x00000000e7700000|  0%| F|  |TAMS 0x00000000e7600000, 0x00000000e7600000| Untracked 
| 119|0x00000000e7700000, 0x00000000e7700000, 0x00000000e7800000|  0%| F|  |TAMS 0x00000000e7700000, 0x00000000e7700000| Untracked 
| 120|0x00000000e7800000, 0x00000000e7800000, 0x00000000e7900000|  0%| F|  |TAMS 0x00000000e7800000, 0x00000000e7800000| Untracked 
| 121|0x00000000e7900000, 0x00000000e7900000, 0x00000000e7a00000|  0%| F|  |TAMS 0x00000000e7900000, 0x00000000e7900000| Untracked 
| 122|0x00000000e7a00000, 0x00000000e7a00000, 0x00000000e7b00000|  0%| F|  |TAMS 0x00000000e7a00000, 0x00000000e7a00000| Untracked 
| 123|0x00000000e7b00000, 0x00000000e7b00000, 0x00000000e7c00000|  0%| F|  |TAMS 0x00000000e7b00000, 0x00000000e7b00000| Untracked 
| 124|0x00000000e7c00000, 0x00000000e7c00000, 0x00000000e7d00000|  0%| F|  |TAMS 0x00000000e7c00000, 0x00000000e7c00000| Untracked 
| 125|0x00000000e7d00000, 0x00000000e7d00000, 0x00000000e7e00000|  0%| F|  |TAMS 0x00000000e7d00000, 0x00000000e7d00000| Untracked 
| 126|0x00000000e7e00000, 0x00000000e7e00000, 0x00000000e7f00000|  0%| F|  |TAMS 0x00000000e7e00000, 0x00000000e7e00000| Untracked 
| 127|0x00000000e7f00000, 0x00000000e7f00000, 0x00000000e8000000|  0%| F|  |TAMS 0x00000000e7f00000, 0x00000000e7f00000| Untracked 
| 128|0x00000000e8000000, 0x00000000e8000000, 0x00000000e8100000|  0%| F|  |TAMS 0x00000000e8000000, 0x00000000e8000000| Untracked 
| 129|0x00000000e8100000, 0x00000000e8100000, 0x00000000e8200000|  0%| F|  |TAMS 0x00000000e8100000, 0x00000000e8100000| Untracked 
| 130|0x00000000e8200000, 0x00000000e8200000, 0x00000000e8300000|  0%| F|  |TAMS 0x00000000e8200000, 0x00000000e8200000| Untracked 
| 131|0x00000000e8300000, 0x00000000e8300000, 0x00000000e8400000|  0%| F|  |TAMS 0x00000000e8300000, 0x00000000e8300000| Untracked 
| 132|0x00000000e8400000, 0x00000000e8400000, 0x00000000e8500000|  0%| F|  |TAMS 0x00000000e8400000, 0x00000000e8400000| Untracked 
| 133|0x00000000e8500000, 0x00000000e8500000, 0x00000000e8600000|  0%| F|  |TAMS 0x00000000e8500000, 0x00000000e8500000| Untracked 
| 134|0x00000000e8600000, 0x00000000e8600000, 0x00000000e8700000|  0%| F|  |TAMS 0x00000000e8600000, 0x00000000e8600000| Untracked 
| 135|0x00000000e8700000, 0x00000000e8700000, 0x00000000e8800000|  0%| F|  |TAMS 0x00000000e8700000, 0x00000000e8700000| Untracked 
| 136|0x00000000e8800000, 0x00000000e8800000, 0x00000000e8900000|  0%| F|  |TAMS 0x00000000e8800000, 0x00000000e8800000| Untracked 
| 137|0x00000000e8900000, 0x00000000e8900000, 0x00000000e8a00000|  0%| F|  |TAMS 0x00000000e8900000, 0x00000000e8900000| Untracked 
| 138|0x00000000e8a00000, 0x00000000e8a00000, 0x00000000e8b00000|  0%| F|  |TAMS 0x00000000e8a00000, 0x00000000e8a00000| Untracked 
| 139|0x00000000e8b00000, 0x00000000e8b00000, 0x00000000e8c00000|  0%| F|  |TAMS 0x00000000e8b00000, 0x00000000e8b00000| Untracked 
| 140|0x00000000e8c00000, 0x00000000e8c00000, 0x00000000e8d00000|  0%| F|  |TAMS 0x00000000e8c00000, 0x00000000e8c00000| Untracked 
| 141|0x00000000e8d00000, 0x00000000e8d00000, 0x00000000e8e00000|  0%| F|  |TAMS 0x00000000e8d00000, 0x00000000e8d00000| Untracked 
| 142|0x00000000e8e00000, 0x00000000e8e00000, 0x00000000e8f00000|  0%| F|  |TAMS 0x00000000e8e00000, 0x00000000e8e00000| Untracked 
| 143|0x00000000e8f00000, 0x00000000e8f00000, 0x00000000e9000000|  0%| F|  |TAMS 0x00000000e8f00000, 0x00000000e8f00000| Untracked 
| 144|0x00000000e9000000, 0x00000000e9000000, 0x00000000e9100000|  0%| F|  |TAMS 0x00000000e9000000, 0x00000000e9000000| Untracked 
| 145|0x00000000e9100000, 0x00000000e9100000, 0x00000000e9200000|  0%| F|  |TAMS 0x00000000e9100000, 0x00000000e9100000| Untracked 
| 146|0x00000000e9200000, 0x00000000e9200000, 0x00000000e9300000|  0%| F|  |TAMS 0x00000000e9200000, 0x00000000e9200000| Untracked 
| 147|0x00000000e9300000, 0x00000000e9300000, 0x00000000e9400000|  0%| F|  |TAMS 0x00000000e9300000, 0x00000000e9300000| Untracked 
| 148|0x00000000e9400000, 0x00000000e9400000, 0x00000000e9500000|  0%| F|  |TAMS 0x00000000e9400000, 0x00000000e9400000| Untracked 
| 149|0x00000000e9500000, 0x00000000e9500000, 0x00000000e9600000|  0%| F|  |TAMS 0x00000000e9500000, 0x00000000e9500000| Untracked 
| 150|0x00000000e9600000, 0x00000000e9600000, 0x00000000e9700000|  0%| F|  |TAMS 0x00000000e9600000, 0x00000000e9600000| Untracked 
| 151|0x00000000e9700000, 0x00000000e9700000, 0x00000000e9800000|  0%| F|  |TAMS 0x00000000e9700000, 0x00000000e9700000| Untracked 
| 152|0x00000000e9800000, 0x00000000e9800000, 0x00000000e9900000|  0%| F|  |TAMS 0x00000000e9800000, 0x00000000e9800000| Untracked 
| 153|0x00000000e9900000, 0x00000000e9900000, 0x00000000e9a00000|  0%| F|  |TAMS 0x00000000e9900000, 0x00000000e9900000| Untracked 
| 154|0x00000000e9a00000, 0x00000000e9a00000, 0x00000000e9b00000|  0%| F|  |TAMS 0x00000000e9a00000, 0x00000000e9a00000| Untracked 
| 155|0x00000000e9b00000, 0x00000000e9b00000, 0x00000000e9c00000|  0%| F|  |TAMS 0x00000000e9b00000, 0x00000000e9b00000| Untracked 
| 156|0x00000000e9c00000, 0x00000000e9c00000, 0x00000000e9d00000|  0%| F|  |TAMS 0x00000000e9c00000, 0x00000000e9c00000| Untracked 
| 157|0x00000000e9d00000, 0x00000000e9d00000, 0x00000000e9e00000|  0%| F|  |TAMS 0x00000000e9d00000, 0x00000000e9d00000| Untracked 
| 158|0x00000000e9e00000, 0x00000000e9e00000, 0x00000000e9f00000|  0%| F|  |TAMS 0x00000000e9e00000, 0x00000000e9e00000| Untracked 
| 159|0x00000000e9f00000, 0x00000000e9f00000, 0x00000000ea000000|  0%| F|  |TAMS 0x00000000e9f00000, 0x00000000e9f00000| Untracked 
| 160|0x00000000ea000000, 0x00000000ea000000, 0x00000000ea100000|  0%| F|  |TAMS 0x00000000ea000000, 0x00000000ea000000| Untracked 
| 161|0x00000000ea100000, 0x00000000ea100000, 0x00000000ea200000|  0%| F|  |TAMS 0x00000000ea100000, 0x00000000ea100000| Untracked 
| 162|0x00000000ea200000, 0x00000000ea200000, 0x00000000ea300000|  0%| F|  |TAMS 0x00000000ea200000, 0x00000000ea200000| Untracked 
| 163|0x00000000ea300000, 0x00000000ea300000, 0x00000000ea400000|  0%| F|  |TAMS 0x00000000ea300000, 0x00000000ea300000| Untracked 
| 164|0x00000000ea400000, 0x00000000ea400000, 0x00000000ea500000|  0%| F|  |TAMS 0x00000000ea400000, 0x00000000ea400000| Untracked 
| 165|0x00000000ea500000, 0x00000000ea500000, 0x00000000ea600000|  0%| F|  |TAMS 0x00000000ea500000, 0x00000000ea500000| Untracked 
| 166|0x00000000ea600000, 0x00000000ea600000, 0x00000000ea700000|  0%| F|  |TAMS 0x00000000ea600000, 0x00000000ea600000| Untracked 
| 167|0x00000000ea700000, 0x00000000ea700000, 0x00000000ea800000|  0%| F|  |TAMS 0x00000000ea700000, 0x00000000ea700000| Untracked 
| 168|0x00000000ea800000, 0x00000000ea800000, 0x00000000ea900000|  0%| F|  |TAMS 0x00000000ea800000, 0x00000000ea800000| Untracked 
| 169|0x00000000ea900000, 0x00000000ea900000, 0x00000000eaa00000|  0%| F|  |TAMS 0x00000000ea900000, 0x00000000ea900000| Untracked 
| 170|0x00000000eaa00000, 0x00000000eaa00000, 0x00000000eab00000|  0%| F|  |TAMS 0x00000000eaa00000, 0x00000000eaa00000| Untracked 
| 171|0x00000000eab00000, 0x00000000eab00000, 0x00000000eac00000|  0%| F|  |TAMS 0x00000000eab00000, 0x00000000eab00000| Untracked 
| 172|0x00000000eac00000, 0x00000000eac00000, 0x00000000ead00000|  0%| F|  |TAMS 0x00000000eac00000, 0x00000000eac00000| Untracked 
| 173|0x00000000ead00000, 0x00000000ead00000, 0x00000000eae00000|  0%| F|  |TAMS 0x00000000ead00000, 0x00000000ead00000| Untracked 
| 174|0x00000000eae00000, 0x00000000eae00000, 0x00000000eaf00000|  0%| F|  |TAMS 0x00000000eae00000, 0x00000000eae00000| Untracked 
| 175|0x00000000eaf00000, 0x00000000eaf00000, 0x00000000eb000000|  0%| F|  |TAMS 0x00000000eaf00000, 0x00000000eaf00000| Untracked 
| 176|0x00000000eb000000, 0x00000000eb000000, 0x00000000eb100000|  0%| F|  |TAMS 0x00000000eb000000, 0x00000000eb000000| Untracked 
| 177|0x00000000eb100000, 0x00000000eb100000, 0x00000000eb200000|  0%| F|  |TAMS 0x00000000eb100000, 0x00000000eb100000| Untracked 
| 178|0x00000000eb200000, 0x00000000eb200000, 0x00000000eb300000|  0%| F|  |TAMS 0x00000000eb200000, 0x00000000eb200000| Untracked 
| 179|0x00000000eb300000, 0x00000000eb300000, 0x00000000eb400000|  0%| F|  |TAMS 0x00000000eb300000, 0x00000000eb300000| Untracked 
| 180|0x00000000eb400000, 0x00000000eb400000, 0x00000000eb500000|  0%| F|  |TAMS 0x00000000eb400000, 0x00000000eb400000| Untracked 
| 181|0x00000000eb500000, 0x00000000eb500000, 0x00000000eb600000|  0%| F|  |TAMS 0x00000000eb500000, 0x00000000eb500000| Untracked 
| 182|0x00000000eb600000, 0x00000000eb600000, 0x00000000eb700000|  0%| F|  |TAMS 0x00000000eb600000, 0x00000000eb600000| Untracked 
| 183|0x00000000eb700000, 0x00000000eb700000, 0x00000000eb800000|  0%| F|  |TAMS 0x00000000eb700000, 0x00000000eb700000| Untracked 
| 184|0x00000000eb800000, 0x00000000eb800000, 0x00000000eb900000|  0%| F|  |TAMS 0x00000000eb800000, 0x00000000eb800000| Untracked 
| 185|0x00000000eb900000, 0x00000000eb900000, 0x00000000eba00000|  0%| F|  |TAMS 0x00000000eb900000, 0x00000000eb900000| Untracked 
| 186|0x00000000eba00000, 0x00000000eba00000, 0x00000000ebb00000|  0%| F|  |TAMS 0x00000000eba00000, 0x00000000eba00000| Untracked 
| 187|0x00000000ebb00000, 0x00000000ebb00000, 0x00000000ebc00000|  0%| F|  |TAMS 0x00000000ebb00000, 0x00000000ebb00000| Untracked 
| 188|0x00000000ebc00000, 0x00000000ebc00000, 0x00000000ebd00000|  0%| F|  |TAMS 0x00000000ebc00000, 0x00000000ebc00000| Untracked 
| 189|0x00000000ebd00000, 0x00000000ebd00000, 0x00000000ebe00000|  0%| F|  |TAMS 0x00000000ebd00000, 0x00000000ebd00000| Untracked 
| 190|0x00000000ebe00000, 0x00000000ebe00000, 0x00000000ebf00000|  0%| F|  |TAMS 0x00000000ebe00000, 0x00000000ebe00000| Untracked 
| 191|0x00000000ebf00000, 0x00000000ebf00000, 0x00000000ec000000|  0%| F|  |TAMS 0x00000000ebf00000, 0x00000000ebf00000| Untracked 
| 192|0x00000000ec000000, 0x00000000ec000000, 0x00000000ec100000|  0%| F|  |TAMS 0x00000000ec000000, 0x00000000ec000000| Untracked 
| 193|0x00000000ec100000, 0x00000000ec100000, 0x00000000ec200000|  0%| F|  |TAMS 0x00000000ec100000, 0x00000000ec100000| Untracked 
| 194|0x00000000ec200000, 0x00000000ec200000, 0x00000000ec300000|  0%| F|  |TAMS 0x00000000ec200000, 0x00000000ec200000| Untracked 
| 195|0x00000000ec300000, 0x00000000ec300000, 0x00000000ec400000|  0%| F|  |TAMS 0x00000000ec300000, 0x00000000ec300000| Untracked 
| 196|0x00000000ec400000, 0x00000000ec400000, 0x00000000ec500000|  0%| F|  |TAMS 0x00000000ec400000, 0x00000000ec400000| Untracked 
| 197|0x00000000ec500000, 0x00000000ec500000, 0x00000000ec600000|  0%| F|  |TAMS 0x00000000ec500000, 0x00000000ec500000| Untracked 
| 198|0x00000000ec600000, 0x00000000ec600000, 0x00000000ec700000|  0%| F|  |TAMS 0x00000000ec600000, 0x00000000ec600000| Untracked 
| 199|0x00000000ec700000, 0x00000000ec700000, 0x00000000ec800000|  0%| F|  |TAMS 0x00000000ec700000, 0x00000000ec700000| Untracked 
| 200|0x00000000ec800000, 0x00000000ec800000, 0x00000000ec900000|  0%| F|  |TAMS 0x00000000ec800000, 0x00000000ec800000| Untracked 
| 201|0x00000000ec900000, 0x00000000ec900000, 0x00000000eca00000|  0%| F|  |TAMS 0x00000000ec900000, 0x00000000ec900000| Untracked 
| 202|0x00000000eca00000, 0x00000000eca00000, 0x00000000ecb00000|  0%| F|  |TAMS 0x00000000eca00000, 0x00000000eca00000| Untracked 
| 203|0x00000000ecb00000, 0x00000000ecb00000, 0x00000000ecc00000|  0%| F|  |TAMS 0x00000000ecb00000, 0x00000000ecb00000| Untracked 
| 204|0x00000000ecc00000, 0x00000000ecc00000, 0x00000000ecd00000|  0%| F|  |TAMS 0x00000000ecc00000, 0x00000000ecc00000| Untracked 
| 205|0x00000000ecd00000, 0x00000000ece00000, 0x00000000ece00000|100%| E|  |TAMS 0x00000000ecd00000, 0x00000000ecd00000| Complete 
| 206|0x00000000ece00000, 0x00000000ecf00000, 0x00000000ecf00000|100%| E|CS|TAMS 0x00000000ece00000, 0x00000000ece00000| Complete 
| 207|0x00000000ecf00000, 0x00000000ed000000, 0x00000000ed000000|100%| E|CS|TAMS 0x00000000ecf00000, 0x00000000ecf00000| Complete 
| 208|0x00000000ed000000, 0x00000000ed100000, 0x00000000ed100000|100%| E|CS|TAMS 0x00000000ed000000, 0x00000000ed000000| Complete 
| 209|0x00000000ed100000, 0x00000000ed200000, 0x00000000ed200000|100%| E|CS|TAMS 0x00000000ed100000, 0x00000000ed100000| Complete 
| 210|0x00000000ed200000, 0x00000000ed300000, 0x00000000ed300000|100%| E|CS|TAMS 0x00000000ed200000, 0x00000000ed200000| Complete 
| 211|0x00000000ed300000, 0x00000000ed400000, 0x00000000ed400000|100%| E|CS|TAMS 0x00000000ed300000, 0x00000000ed300000| Complete 
| 212|0x00000000ed400000, 0x00000000ed500000, 0x00000000ed500000|100%| E|CS|TAMS 0x00000000ed400000, 0x00000000ed400000| Complete 
| 213|0x00000000ed500000, 0x00000000ed600000, 0x00000000ed600000|100%| E|CS|TAMS 0x00000000ed500000, 0x00000000ed500000| Complete 
| 214|0x00000000ed600000, 0x00000000ed700000, 0x00000000ed700000|100%| E|CS|TAMS 0x00000000ed600000, 0x00000000ed600000| Complete 
| 215|0x00000000ed700000, 0x00000000ed800000, 0x00000000ed800000|100%| E|CS|TAMS 0x00000000ed700000, 0x00000000ed700000| Complete 
| 216|0x00000000ed800000, 0x00000000ed900000, 0x00000000ed900000|100%| E|CS|TAMS 0x00000000ed800000, 0x00000000ed800000| Complete 
| 217|0x00000000ed900000, 0x00000000eda00000, 0x00000000eda00000|100%| E|CS|TAMS 0x00000000ed900000, 0x00000000ed900000| Complete 
| 218|0x00000000eda00000, 0x00000000edb00000, 0x00000000edb00000|100%| E|CS|TAMS 0x00000000eda00000, 0x00000000eda00000| Complete 
| 219|0x00000000edb00000, 0x00000000edc00000, 0x00000000edc00000|100%| E|CS|TAMS 0x00000000edb00000, 0x00000000edb00000| Complete 
| 220|0x00000000edc00000, 0x00000000edd00000, 0x00000000edd00000|100%| E|CS|TAMS 0x00000000edc00000, 0x00000000edc00000| Complete 
| 221|0x00000000edd00000, 0x00000000ede00000, 0x00000000ede00000|100%| E|CS|TAMS 0x00000000edd00000, 0x00000000edd00000| Complete 
| 222|0x00000000ede00000, 0x00000000edf00000, 0x00000000edf00000|100%| E|CS|TAMS 0x00000000ede00000, 0x00000000ede00000| Complete 
| 223|0x00000000edf00000, 0x00000000ee000000, 0x00000000ee000000|100%| E|CS|TAMS 0x00000000edf00000, 0x00000000edf00000| Complete 
| 224|0x00000000ee000000, 0x00000000ee100000, 0x00000000ee100000|100%| E|CS|TAMS 0x00000000ee000000, 0x00000000ee000000| Complete 
| 225|0x00000000ee100000, 0x00000000ee200000, 0x00000000ee200000|100%| E|CS|TAMS 0x00000000ee100000, 0x00000000ee100000| Complete 
| 226|0x00000000ee200000, 0x00000000ee300000, 0x00000000ee300000|100%| E|CS|TAMS 0x00000000ee200000, 0x00000000ee200000| Complete 
| 227|0x00000000ee300000, 0x00000000ee400000, 0x00000000ee400000|100%| E|CS|TAMS 0x00000000ee300000, 0x00000000ee300000| Complete 
| 228|0x00000000ee400000, 0x00000000ee500000, 0x00000000ee500000|100%| E|CS|TAMS 0x00000000ee400000, 0x00000000ee400000| Complete 
| 229|0x00000000ee500000, 0x00000000ee600000, 0x00000000ee600000|100%| E|CS|TAMS 0x00000000ee500000, 0x00000000ee500000| Complete 
| 230|0x00000000ee600000, 0x00000000ee700000, 0x00000000ee700000|100%| E|CS|TAMS 0x00000000ee600000, 0x00000000ee600000| Complete 
| 231|0x00000000ee700000, 0x00000000ee800000, 0x00000000ee800000|100%| E|CS|TAMS 0x00000000ee700000, 0x00000000ee700000| Complete 
| 232|0x00000000ee800000, 0x00000000ee900000, 0x00000000ee900000|100%| E|CS|TAMS 0x00000000ee800000, 0x00000000ee800000| Complete 
| 233|0x00000000ee900000, 0x00000000eea00000, 0x00000000eea00000|100%| E|CS|TAMS 0x00000000ee900000, 0x00000000ee900000| Complete 
| 234|0x00000000eea00000, 0x00000000eeb00000, 0x00000000eeb00000|100%| E|CS|TAMS 0x00000000eea00000, 0x00000000eea00000| Complete 
| 235|0x00000000eeb00000, 0x00000000eec00000, 0x00000000eec00000|100%| E|CS|TAMS 0x00000000eeb00000, 0x00000000eeb00000| Complete 
| 236|0x00000000eec00000, 0x00000000eed00000, 0x00000000eed00000|100%| E|CS|TAMS 0x00000000eec00000, 0x00000000eec00000| Complete 
| 237|0x00000000eed00000, 0x00000000eee00000, 0x00000000eee00000|100%| E|CS|TAMS 0x00000000eed00000, 0x00000000eed00000| Complete 
| 238|0x00000000eee00000, 0x00000000eef00000, 0x00000000eef00000|100%| E|CS|TAMS 0x00000000eee00000, 0x00000000eee00000| Complete 
| 239|0x00000000eef00000, 0x00000000ef000000, 0x00000000ef000000|100%| E|CS|TAMS 0x00000000eef00000, 0x00000000eef00000| Complete 
| 240|0x00000000ef000000, 0x00000000ef100000, 0x00000000ef100000|100%| E|CS|TAMS 0x00000000ef000000, 0x00000000ef000000| Complete 
| 241|0x00000000ef100000, 0x00000000ef200000, 0x00000000ef200000|100%| E|CS|TAMS 0x00000000ef100000, 0x00000000ef100000| Complete 
| 242|0x00000000ef200000, 0x00000000ef300000, 0x00000000ef300000|100%| E|CS|TAMS 0x00000000ef200000, 0x00000000ef200000| Complete 
| 243|0x00000000ef300000, 0x00000000ef400000, 0x00000000ef400000|100%| E|CS|TAMS 0x00000000ef300000, 0x00000000ef300000| Complete 
| 244|0x00000000ef400000, 0x00000000ef500000, 0x00000000ef500000|100%| E|CS|TAMS 0x00000000ef400000, 0x00000000ef400000| Complete 
| 245|0x00000000ef500000, 0x00000000ef600000, 0x00000000ef600000|100%| E|CS|TAMS 0x00000000ef500000, 0x00000000ef500000| Complete 
| 246|0x00000000ef600000, 0x00000000ef700000, 0x00000000ef700000|100%| E|CS|TAMS 0x00000000ef600000, 0x00000000ef600000| Complete 
| 247|0x00000000ef700000, 0x00000000ef800000, 0x00000000ef800000|100%| E|CS|TAMS 0x00000000ef700000, 0x00000000ef700000| Complete 
| 248|0x00000000ef800000, 0x00000000ef900000, 0x00000000ef900000|100%| E|CS|TAMS 0x00000000ef800000, 0x00000000ef800000| Complete 
| 249|0x00000000ef900000, 0x00000000efa00000, 0x00000000efa00000|100%| E|CS|TAMS 0x00000000ef900000, 0x00000000ef900000| Complete 
| 250|0x00000000efa00000, 0x00000000efb00000, 0x00000000efb00000|100%| E|CS|TAMS 0x00000000efa00000, 0x00000000efa00000| Complete 
| 251|0x00000000efb00000, 0x00000000efc00000, 0x00000000efc00000|100%| E|CS|TAMS 0x00000000efb00000, 0x00000000efb00000| Complete 
| 252|0x00000000efc00000, 0x00000000efd00000, 0x00000000efd00000|100%| E|CS|TAMS 0x00000000efc00000, 0x00000000efc00000| Complete 
| 253|0x00000000efd00000, 0x00000000efe00000, 0x00000000efe00000|100%| E|CS|TAMS 0x00000000efd00000, 0x00000000efd00000| Complete 
| 254|0x00000000efe00000, 0x00000000eff00000, 0x00000000eff00000|100%| E|CS|TAMS 0x00000000efe00000, 0x00000000efe00000| Complete 
| 255|0x00000000eff00000, 0x00000000f0000000, 0x00000000f0000000|100%| E|CS|TAMS 0x00000000eff00000, 0x00000000eff00000| Complete 

Card table byte_map: [0x0000021b55560000,0x0000021b55660000] _byte_map_base: 0x0000021b54e60000

Marking Bits (Prev, Next): (CMBitMap*) 0x0000021b407a6d38, (CMBitMap*) 0x0000021b407a6d70
 Prev Bits: [0x0000021b55760000, 0x0000021b55f60000)
 Next Bits: [0x0000021b55f60000, 0x0000021b56760000)

Polling page: 0x0000021b405e0000

Metaspace:

Usage:
  Non-class:     38.38 MB capacity,    37.55 MB ( 98%) used,   726.08 KB (  2%) free+waste,   122.13 KB ( <1%) overhead. 
      Class:      6.44 MB capacity,     5.94 MB ( 92%) used,   451.33 KB (  7%) free+waste,    59.88 KB ( <1%) overhead. 
       Both:     44.82 MB capacity,    43.49 MB ( 97%) used,     1.15 MB (  3%) free+waste,   182.00 KB ( <1%) overhead. 

Virtual space:
  Non-class space:       40.00 MB reserved,      38.42 MB ( 96%) committed 
      Class space:      248.00 MB reserved,       6.50 MB (  3%) committed 
             Both:      288.00 MB reserved,      44.92 MB ( 16%) committed 

Chunk freelists:
   Non-Class:  40.00 KB
       Class:  0 bytes
        Both:  40.00 KB

MaxMetaspaceSize: 256.00 MB
CompressedClassSpaceSize: 248.00 MB

CodeHeap 'non-profiled nmethods': size=120064Kb used=2916Kb max_used=3259Kb free=117148Kb
 bounds [0x0000021b4db20000, 0x0000021b4de50000, 0x0000021b55060000]
CodeHeap 'profiled nmethods': size=120000Kb used=11485Kb max_used=13249Kb free=108514Kb
 bounds [0x0000021b465f0000, 0x0000021b472f0000, 0x0000021b4db20000]
CodeHeap 'non-nmethods': size=5696Kb used=2238Kb max_used=2288Kb free=3457Kb
 bounds [0x0000021b46060000, 0x0000021b462d0000, 0x0000021b465f0000]
 total_blobs=8884 nmethods=5564 adapters=714
 compilation: enabled
              stopped_count=0, restarted_count=0
 full_count=0

Compilation events (20 events):
Event: 1116.001 Thread 0x0000021b58b30800 nmethod 6507 0x0000021b46766b90 code [0x0000021b46766d60, 0x0000021b46767058]
Event: 1135.990 Thread 0x0000021b58b30800 6508   !   3       java.net.DatagramSocket::isClosed (19 bytes)
Event: 1135.990 Thread 0x0000021b58b30800 nmethod 6508 0x0000021b46770a90 code [0x0000021b46770c40, 0x0000021b46770f78]
Event: 1136.006 Thread 0x0000021b58b30800 6509       3       sun.nio.ch.FileLockImpl::isValid (13 bytes)
Event: 1136.007 Thread 0x0000021b58b30800 nmethod 6509 0x0000021b46670e90 code [0x0000021b46671040, 0x0000021b46671218]
Event: 1136.007 Thread 0x0000021b58b30800 6510       3       sun.nio.ch.FileDispatcherImpl::release (8 bytes)
Event: 1136.007 Thread 0x0000021b58b30800 nmethod 6510 0x0000021b4667af90 code [0x0000021b4667b140, 0x0000021b4667b2f0]
Event: 1136.042 Thread 0x0000021b58b30800 6512       3       sun.nio.ch.FileLockImpl::invalidate (27 bytes)
Event: 1136.043 Thread 0x0000021b58b30800 nmethod 6512 0x0000021b46698910 code [0x0000021b46698ac0, 0x0000021b46698c58]
Event: 1145.993 Thread 0x0000021b58b30800 6514       3       sun.nio.ch.NativeDispatcher::<init> (5 bytes)
Event: 1145.993 Thread 0x0000021b58b30800 nmethod 6514 0x0000021b466fc790 code [0x0000021b466fc940, 0x0000021b466fcb18]
Event: 1145.996 Thread 0x0000021b58b30800 6515       3       java.util.Random::nextLong (19 bytes)
Event: 1145.997 Thread 0x0000021b58b30800 nmethod 6515 0x0000021b4677ec10 code [0x0000021b4677ede0, 0x0000021b4677f120]
Event: 1155.992 Thread 0x0000021b58b2d800 6516       4       java.util.Properties::getProperty (50 bytes)
Event: 1155.996 Thread 0x0000021b58b30800 6517       3       java.nio.channels.FileChannel::<init> (5 bytes)
Event: 1155.997 Thread 0x0000021b58b30800 nmethod 6517 0x0000021b46787490 code [0x0000021b46787660, 0x0000021b467879b8]
Event: 1155.997 Thread 0x0000021b58b30800 6518       3       sun.nio.ch.NativeThreadSet::<init> (17 bytes)
Event: 1155.997 Thread 0x0000021b58b30800 nmethod 6518 0x0000021b46766110 code [0x0000021b467662c0, 0x0000021b467665b8]
Event: 1155.997 Thread 0x0000021b58b30800 6519       3       sun.nio.ch.FileDispatcherImpl::<init> (5 bytes)
Event: 1155.998 Thread 0x0000021b58b30800 nmethod 6519 0x0000021b4676e210 code [0x0000021b4676e3e0, 0x0000021b4676e678]

GC Heap History (20 events):
Event: 2.567 GC heap before
{Heap before GC invocations=2 (full 0):
 garbage-first heap   total 262144K, used 22374K [0x00000000e0000000, 0x0000000100000000)
  region size 1024K, 14 young (14336K), 1 survivors (1024K)
 Metaspace       used 4110K, capacity 6611K, committed 6784K, reserved 262144K
  class space    used 516K, capacity 778K, committed 896K, reserved 253952K
}
Event: 2.571 GC heap after
{Heap after GC invocations=3 (full 0):
 garbage-first heap   total 262144K, used 9380K [0x00000000e0000000, 0x0000000100000000)
  region size 1024K, 2 young (2048K), 2 survivors (2048K)
 Metaspace       used 4110K, capacity 6611K, committed 6784K, reserved 262144K
  class space    used 516K, capacity 778K, committed 896K, reserved 253952K
}
Event: 3.009 GC heap before
{Heap before GC invocations=3 (full 0):
 garbage-first heap   total 262144K, used 26788K [0x00000000e0000000, 0x0000000100000000)
  region size 1024K, 20 young (20480K), 2 survivors (2048K)
 Metaspace       used 4307K, capacity 6827K, committed 7040K, reserved 262144K
  class space    used 540K, capacity 850K, committed 896K, reserved 253952K
}
Event: 3.017 GC heap after
{Heap after GC invocations=4 (full 0):
 garbage-first heap   total 262144K, used 13310K [0x00000000e0000000, 0x0000000100000000)
  region size 1024K, 3 young (3072K), 3 survivors (3072K)
 Metaspace       used 4307K, capacity 6827K, committed 7040K, reserved 262144K
  class space    used 540K, capacity 850K, committed 896K, reserved 253952K
}
Event: 6.866 GC heap before
{Heap before GC invocations=4 (full 0):
 garbage-first heap   total 262144K, used 63486K [0x00000000e0000000, 0x0000000100000000)
  region size 1024K, 52 young (53248K), 3 survivors (3072K)
 Metaspace       used 13150K, capacity 13588K, committed 13824K, reserved 266240K
  class space    used 1797K, capacity 1926K, committed 2048K, reserved 253952K
}
Event: 6.883 GC heap after
{Heap after GC invocations=5 (full 0):
 garbage-first heap   total 262144K, used 16382K [0x00000000e0000000, 0x0000000100000000)
  region size 1024K, 6 young (6144K), 6 survivors (6144K)
 Metaspace       used 13150K, capacity 13588K, committed 13824K, reserved 266240K
  class space    used 1797K, capacity 1926K, committed 2048K, reserved 253952K
}
Event: 8.371 GC heap before
{Heap before GC invocations=5 (full 0):
 garbage-first heap   total 262144K, used 71678K [0x00000000e0000000, 0x0000000100000000)
  region size 1024K, 60 young (61440K), 6 survivors (6144K)
 Metaspace       used 19814K, capacity 20463K, committed 20608K, reserved 272384K
  class space    used 2845K, capacity 3098K, committed 3200K, reserved 253952K
}
Event: 8.395 GC heap after
{Heap after GC invocations=6 (full 0):
 garbage-first heap   total 262144K, used 18361K [0x00000000e0000000, 0x0000000100000000)
  region size 1024K, 5 young (5120K), 5 survivors (5120K)
 Metaspace       used 19814K, capacity 20463K, committed 20608K, reserved 272384K
  class space    used 2845K, capacity 3098K, committed 3200K, reserved 253952K
}
Event: 8.564 GC heap before
{Heap before GC invocations=6 (full 0):
 garbage-first heap   total 262144K, used 23481K [0x00000000e0000000, 0x0000000100000000)
  region size 1024K, 11 young (11264K), 5 survivors (5120K)
 Metaspace       used 20500K, capacity 21124K, committed 21296K, reserved 272384K
  class space    used 2961K, capacity 3170K, committed 3200K, reserved 253952K
}
Event: 8.578 GC heap after
{Heap after GC invocations=7 (full 0):
 garbage-first heap   total 262144K, used 18713K [0x00000000e0000000, 0x0000000100000000)
  region size 1024K, 3 young (3072K), 3 survivors (3072K)
 Metaspace       used 20500K, capacity 21124K, committed 21296K, reserved 272384K
  class space    used 2961K, capacity 3170K, committed 3200K, reserved 253952K
}
Event: 10.377 GC heap before
{Heap before GC invocations=8 (full 0):
 garbage-first heap   total 262144K, used 65817K [0x00000000e0000000, 0x0000000100000000)
  region size 1024K, 47 young (48128K), 3 survivors (3072K)
 Metaspace       used 28564K, capacity 29238K, committed 29488K, reserved 280576K
  class space    used 3867K, capacity 4125K, committed 4224K, reserved 253952K
}
Event: 10.403 GC heap after
{Heap after GC invocations=9 (full 0):
 garbage-first heap   total 262144K, used 22763K [0x00000000e0000000, 0x0000000100000000)
  region size 1024K, 6 young (6144K), 6 survivors (6144K)
 Metaspace       used 28564K, capacity 29238K, committed 29488K, reserved 280576K
  class space    used 3867K, capacity 4125K, committed 4224K, reserved 253952K
}
Event: 12.577 GC heap before
{Heap before GC invocations=9 (full 0):
 garbage-first heap   total 262144K, used 74987K [0x00000000e0000000, 0x0000000100000000)
  region size 1024K, 57 young (58368K), 6 survivors (6144K)
 Metaspace       used 33342K, capacity 34185K, committed 34352K, reserved 284672K
  class space    used 4590K, capacity 4898K, committed 4992K, reserved 253952K
}
Event: 12.598 GC heap after
{Heap after GC invocations=10 (full 0):
 garbage-first heap   total 262144K, used 25416K [0x00000000e0000000, 0x0000000100000000)
  region size 1024K, 7 young (7168K), 7 survivors (7168K)
 Metaspace       used 33342K, capacity 34185K, committed 34352K, reserved 284672K
  class space    used 4590K, capacity 4898K, committed 4992K, reserved 253952K
}
Event: 14.160 GC heap before
{Heap before GC invocations=10 (full 0):
 garbage-first heap   total 262144K, used 39752K [0x00000000e0000000, 0x0000000100000000)
  region size 1024K, 22 young (22528K), 7 survivors (7168K)
 Metaspace       used 34557K, capacity 35492K, committed 35632K, reserved 284672K
  class space    used 4790K, capacity 5143K, committed 5248K, reserved 253952K
}
Event: 14.182 GC heap after
{Heap after GC invocations=11 (full 0):
 garbage-first heap   total 262144K, used 26459K [0x00000000e0000000, 0x0000000100000000)
  region size 1024K, 4 young (4096K), 4 survivors (4096K)
 Metaspace       used 34557K, capacity 35492K, committed 35632K, reserved 284672K
  class space    used 4790K, capacity 5143K, committed 5248K, reserved 253952K
}
Event: 16.885 GC heap before
{Heap before GC invocations=12 (full 0):
 garbage-first heap   total 262144K, used 100187K [0x00000000e0000000, 0x0000000100000000)
  region size 1024K, 76 young (77824K), 4 survivors (4096K)
 Metaspace       used 39673K, capacity 40909K, committed 41136K, reserved 290816K
  class space    used 5554K, capacity 6021K, committed 6144K, reserved 253952K
}
Event: 16.918 GC heap after
{Heap after GC invocations=13 (full 0):
 garbage-first heap   total 262144K, used 32091K [0x00000000e0000000, 0x0000000100000000)
  region size 1024K, 9 young (9216K), 9 survivors (9216K)
 Metaspace       used 39673K, capacity 40909K, committed 41136K, reserved 290816K
  class space    used 5554K, capacity 6021K, committed 6144K, reserved 253952K
}
Event: 21.201 GC heap before
{Heap before GC invocations=13 (full 0):
 garbage-first heap   total 262144K, used 164187K [0x00000000e0000000, 0x0000000100000000)
  region size 1024K, 138 young (141312K), 9 survivors (9216K)
 Metaspace       used 43183K, capacity 44501K, committed 44848K, reserved 292864K
  class space    used 5937K, capacity 6416K, committed 6528K, reserved 253952K
}
Event: 21.262 GC heap after
{Heap after GC invocations=14 (full 0):
 garbage-first heap   total 262144K, used 39771K [0x00000000e0000000, 0x0000000100000000)
  region size 1024K, 17 young (17408K), 17 survivors (17408K)
 Metaspace       used 43183K, capacity 44501K, committed 44848K, reserved 292864K
  class space    used 5937K, capacity 6416K, committed 6528K, reserved 253952K
}

Deoptimization events (20 events):
Event: 22.961 Thread 0x0000021b5d180000 Uncommon trap: trap_request=0xffffff4d fr.pc=0x0000021b4dbaebdc relative=0x000000000000109c
Event: 22.961 Thread 0x0000021b5d180000 Uncommon trap: reason=unstable_if action=reinterpret pc=0x0000021b4dbaebdc method=java.util.concurrent.ConcurrentHashMap.putVal(Ljava/lang/Object;Ljava/lang/Object;Z)Ljava/lang/Object; @ 97 c2
Event: 22.961 Thread 0x0000021b5d180000 DEOPT PACKING pc=0x0000021b4dbaebdc sp=0x0000008fc0ffe420
Event: 22.961 Thread 0x0000021b5d180000 DEOPT UNPACKING pc=0x0000021b460886a9 sp=0x0000008fc0ffe3b8 mode 2
Event: 23.159 Thread 0x0000021b5a363000 Uncommon trap: trap_request=0xffffff4d fr.pc=0x0000021b4de1162c relative=0x000000000000072c
Event: 23.160 Thread 0x0000021b5a363000 Uncommon trap: reason=unstable_if action=reinterpret pc=0x0000021b4de1162c method=java.util.HashMap$HashIterator.<init>(Ljava/util/HashMap;)V @ 45 c2
Event: 23.160 Thread 0x0000021b5a363000 DEOPT PACKING pc=0x0000021b4de1162c sp=0x0000008fbfaf6f50
Event: 23.160 Thread 0x0000021b5a363000 DEOPT UNPACKING pc=0x0000021b460886a9 sp=0x0000008fbfaf6de0 mode 2
Event: 66.003 Thread 0x0000021b5ac32800 DEOPT PACKING pc=0x0000021b468c034e sp=0x0000008fbf6fe270
Event: 66.003 Thread 0x0000021b5ac32800 DEOPT UNPACKING pc=0x0000021b460884bf sp=0x0000008fbf6fd7e0 mode 0
Event: 85.997 Thread 0x0000021b5ac32800 DEOPT PACKING pc=0x0000021b47221351 sp=0x0000008fbf6fe460
Event: 85.997 Thread 0x0000021b5ac32800 DEOPT UNPACKING pc=0x0000021b460884bf sp=0x0000008fbf6fd928 mode 0
Event: 305.674 Thread 0x0000021b5d17d800 Uncommon trap: trap_request=0xffffff4d fr.pc=0x0000021b4de4d49c relative=0x000000000000007c
Event: 305.674 Thread 0x0000021b5d17d800 Uncommon trap: reason=unstable_if action=reinterpret pc=0x0000021b4de4d49c method=java.util.concurrent.ConcurrentLinkedQueue.poll()Ljava/lang/Object; @ 60 c2
Event: 305.674 Thread 0x0000021b5d17d800 DEOPT PACKING pc=0x0000021b4de4d49c sp=0x0000008fbe0fe980
Event: 305.675 Thread 0x0000021b5d17d800 DEOPT UNPACKING pc=0x0000021b460886a9 sp=0x0000008fbe0fe8f8 mode 2
Event: 393.515 Thread 0x0000021b5a3e2800 Uncommon trap: trap_request=0xffffff4d fr.pc=0x0000021b4de46d7c relative=0x00000000000013dc
Event: 393.515 Thread 0x0000021b5a3e2800 Uncommon trap: reason=unstable_if action=reinterpret pc=0x0000021b4de46d7c method=java.util.concurrent.locks.AbstractQueuedSynchronizer$ConditionObject.awaitNanos(J)J @ 79 c2
Event: 393.515 Thread 0x0000021b5a3e2800 DEOPT PACKING pc=0x0000021b4de46d7c sp=0x0000008fbfdff1e0
Event: 393.516 Thread 0x0000021b5a3e2800 DEOPT UNPACKING pc=0x0000021b460886a9 sp=0x0000008fbfdff1a0 mode 2

Classes redefined (0 events):
No events

Internal exceptions (20 events):
Event: 17.109 Thread 0x0000021b5a3e2800 Exception <a 'java/lang/NoSuchMethodError'{0x00000000eff18980}: <clinit>> (0x00000000eff18980) thrown at [c:/BuildAgent/work/5ff2f6c26000d570/src/hotspot/share/prims/jni.cpp, line 1362]
Event: 17.111 Thread 0x0000021b5a3e2800 Exception <a 'java/lang/NoSuchMethodError'{0x00000000ef9c5140}: <clinit>> (0x00000000ef9c5140) thrown at [c:/BuildAgent/work/5ff2f6c26000d570/src/hotspot/share/prims/jni.cpp, line 1362]
Event: 17.111 Thread 0x0000021b5a3e2800 Exception <a 'java/lang/NoSuchMethodError'{0x00000000ef9cd060}: <clinit>> (0x00000000ef9cd060) thrown at [c:/BuildAgent/work/5ff2f6c26000d570/src/hotspot/share/prims/jni.cpp, line 1362]
Event: 17.410 Thread 0x0000021b5d173800 Exception <a 'java/lang/NoSuchMethodError'{0x00000000ef579dc8}: 'void java.lang.invoke.DirectMethodHandle$Holder.invokeStatic(java.lang.Object, java.lang.Object, java.lang.Object, java.lang.Object, java.lang.Object, java.lang.Object, java.lang.Object)'> (
Event: 17.438 Thread 0x0000021b5d173800 Exception <a 'java/lang/ClassNotFoundException'{0x00000000ef387c90}: org/gradle/api/internal/artifacts/configurations/DefaultConfiguration_DecoratedBeanInfo> (0x00000000ef387c90) thrown at [c:/BuildAgent/work/5ff2f6c26000d570/src/hotspot/share/classfile/s
Event: 17.439 Thread 0x0000021b5d173800 Exception <a 'java/lang/ClassNotFoundException'{0x00000000ef3a42b8}: org/gradle/api/internal/artifacts/configurations/DefaultConfigurationBeanInfo> (0x00000000ef3a42b8) thrown at [c:/BuildAgent/work/5ff2f6c26000d570/src/hotspot/share/classfile/systemDicti
Event: 17.439 Thread 0x0000021b5d173800 Exception <a 'java/lang/ClassNotFoundException'{0x00000000ef3b37c0}: org/gradle/api/internal/file/AbstractFileCollectionBeanInfo> (0x00000000ef3b37c0) thrown at [c:/BuildAgent/work/5ff2f6c26000d570/src/hotspot/share/classfile/systemDictionary.cpp, line 23
Event: 17.440 Thread 0x0000021b5d173800 Exception <a 'java/lang/ClassNotFoundException'{0x00000000ef3c2f30}: org/gradle/api/internal/file/AbstractFileCollectionCustomizer> (0x00000000ef3c2f30) thrown at [c:/BuildAgent/work/5ff2f6c26000d570/src/hotspot/share/classfile/systemDictionary.cpp, line 
Event: 17.445 Thread 0x0000021b5d173800 Exception <a 'java/lang/ClassNotFoundException'{0x00000000ef3ec768}: org/gradle/api/internal/artifacts/configurations/DefaultConfigurationCustomizer> (0x00000000ef3ec768) thrown at [c:/BuildAgent/work/5ff2f6c26000d570/src/hotspot/share/classfile/systemDic
Event: 17.450 Thread 0x0000021b5d173800 Exception <a 'java/lang/ClassNotFoundException'{0x00000000ef256228}: org/gradle/api/internal/artifacts/configurations/DefaultConfiguration_DecoratedCustomizer> (0x00000000ef256228) thrown at [c:/BuildAgent/work/5ff2f6c26000d570/src/hotspot/share/classfile
Event: 22.557 Thread 0x0000021b5a3e2800 Exception <a 'java/lang/NoSuchMethodError'{0x00000000eff087b8}: <clinit>> (0x00000000eff087b8) thrown at [c:/BuildAgent/work/5ff2f6c26000d570/src/hotspot/share/prims/jni.cpp, line 1362]
Event: 22.560 Thread 0x0000021b5a3e2800 Exception <a 'java/lang/NoSuchMethodError'{0x00000000eea8b908}: <clinit>> (0x00000000eea8b908) thrown at [c:/BuildAgent/work/5ff2f6c26000d570/src/hotspot/share/prims/jni.cpp, line 1362]
Event: 22.560 Thread 0x0000021b5a3e2800 Exception <a 'java/lang/NoSuchMethodError'{0x00000000eea8cbc8}: <clinit>> (0x00000000eea8cbc8) thrown at [c:/BuildAgent/work/5ff2f6c26000d570/src/hotspot/share/prims/jni.cpp, line 1362]
Event: 22.560 Thread 0x0000021b5a3e2800 Exception <a 'java/lang/NoSuchMethodError'{0x00000000eea8e138}: <clinit>> (0x00000000eea8e138) thrown at [c:/BuildAgent/work/5ff2f6c26000d570/src/hotspot/share/prims/jni.cpp, line 1362]
Event: 22.660 Thread 0x0000021b5d17f000 Exception <a 'java/lang/NoSuchMethodError'{0x00000000ee9ae0a8}: 'void java.lang.invoke.DirectMethodHandle$Holder.invokeStatic(java.lang.Object, long)'> (0x00000000ee9ae0a8) thrown at [c:/BuildAgent/work/5ff2f6c26000d570/src/hotspot/share/interpreter/linkR
Event: 22.661 Thread 0x0000021b5d17f000 Exception <a 'java/lang/NoSuchMethodError'{0x00000000ee9b32c0}: 'java.lang.Object java.lang.invoke.DirectMethodHandle$Holder.invokeStatic(java.lang.Object, long)'> (0x00000000ee9b32c0) thrown at [c:/BuildAgent/work/5ff2f6c26000d570/src/hotspot/share/inter
Event: 22.665 Thread 0x0000021b5d17f000 Exception <a 'java/lang/NoSuchMethodError'{0x00000000ee9c1338}: 'java.lang.Object java.lang.invoke.DirectMethodHandle$Holder.invokeStaticInit(java.lang.Object, java.lang.Object, long, java.lang.Object)'> (0x00000000ee9c1338) thrown at [c:/BuildAgent/work/
Event: 22.666 Thread 0x0000021b5d17f000 Exception <a 'java/lang/NoSuchMethodError'{0x00000000ee9c7228}: 'java.lang.Object java.lang.invoke.DirectMethodHandle$Holder.invokeStatic(java.lang.Object, java.lang.Object, long)'> (0x00000000ee9c7228) thrown at [c:/BuildAgent/work/5ff2f6c26000d570/src/h
Event: 22.666 Thread 0x0000021b5d17f000 Exception <a 'java/lang/NoSuchMethodError'{0x00000000ee9cd4f8}: 'java.lang.Object java.lang.invoke.Invokers$Holder.linkToTargetMethod(java.lang.Object, long, java.lang.Object)'> (0x00000000ee9cd4f8) thrown at [c:/BuildAgent/work/5ff2f6c26000d570/src/hotsp
Event: 22.974 Thread 0x0000021b5a363000 Exception <a 'java/lang/NoSuchMethodError'{0x00000000ee985438}: 'void java.lang.invoke.DirectMethodHandle$Holder.invokeVirtual(java.lang.Object, java.lang.Object)'> (0x00000000ee985438) thrown at [c:/BuildAgent/work/5ff2f6c26000d570/src/hotspot/share/inte

Events (20 events):
Event: 796.000 Thread 0x0000021b58b3d800 flushing nmethod 0x0000021b46eb2b10
Event: 796.000 Thread 0x0000021b58b3d800 flushing nmethod 0x0000021b46eb2f10
Event: 856.027 Thread 0x0000021b58b3d800 flushing nmethod 0x0000021b46e9ef10
Event: 856.027 Thread 0x0000021b58b3d800 flushing nmethod 0x0000021b46ed5790
Event: 856.029 Thread 0x0000021b58b3d800 flushing nmethod 0x0000021b4719ba90
Event: 856.030 Thread 0x0000021b58b3d800 flushing nmethod 0x0000021b472aba90
Event: 856.030 Thread 0x0000021b58b3d800 flushing nmethod 0x0000021b472b1090
Event: 856.030 Thread 0x0000021b58b3d800 flushing nmethod 0x0000021b472b6510
Event: 856.030 Thread 0x0000021b58b3d800 flushing nmethod 0x0000021b472bfb90
Event: 856.030 Thread 0x0000021b58b3d800 flushing nmethod 0x0000021b472d7210
Event: 856.030 Thread 0x0000021b58b3d800 flushing nmethod 0x0000021b472df510
Event: 923.608 Thread 0x0000021b58b3d800 flushing nmethod 0x0000021b465ffd10
Event: 1065.999 Thread 0x0000021b58b3d800 flushing nmethod 0x0000021b468b9290
Event: 1066.001 Thread 0x0000021b58b3d800 flushing nmethod 0x0000021b46990e10
Event: 1066.014 Thread 0x0000021b58b3d800 flushing nmethod 0x0000021b472b6a10
Event: 1066.014 Thread 0x0000021b58b3d800 flushing nmethod 0x0000021b472be710
Event: 1106.008 Thread 0x0000021b58b3d800 flushing nmethod 0x0000021b46a91510
Event: 1106.013 Thread 0x0000021b58b3d800 flushing nmethod 0x0000021b472bd090
Event: 1106.013 Thread 0x0000021b58b3d800 flushing nmethod 0x0000021b472d1210
Event: 1106.013 Thread 0x0000021b58b3d800 flushing nmethod 0x0000021b472da490


Dynamic libraries:
0x00007ff7182e0000 - 0x00007ff7182ea000 	C:\Program Files\JetBrains\IntelliJ IDEA Community Edition 2019.3.4\jbr\bin\java.exe
0x00007fff5d1e0000 - 0x00007fff5d3d0000 	C:\WINDOWS\SYSTEM32\ntdll.dll
0x00007fff5cf30000 - 0x00007fff5cfe2000 	C:\WINDOWS\System32\KERNEL32.DLL
0x00007fff5afe0000 - 0x00007fff5b283000 	C:\WINDOWS\System32\KERNELBASE.dll
0x00007fff5ae60000 - 0x00007fff5af5a000 	C:\WINDOWS\System32\ucrtbase.dll
0x00007fff4d080000 - 0x00007fff4d099000 	C:\Program Files\JetBrains\IntelliJ IDEA Community Edition 2019.3.4\jbr\bin\jli.dll
0x00007fff4c920000 - 0x00007fff4c937000 	C:\Program Files\JetBrains\IntelliJ IDEA Community Edition 2019.3.4\jbr\bin\VCRUNTIME140.dll
0x00007fff5cff0000 - 0x00007fff5d184000 	C:\WINDOWS\System32\USER32.dll
0x00007fff5aa10000 - 0x00007fff5aa31000 	C:\WINDOWS\System32\win32u.dll
0x00007fff44da0000 - 0x00007fff45025000 	C:\WINDOWS\WinSxS\amd64_microsoft.windows.common-controls_6595b64144ccf1df_6.0.18362.778_none_e6c6b761130d4fb8\COMCTL32.dll
0x00007fff5c960000 - 0x00007fff5c986000 	C:\WINDOWS\System32\GDI32.dll
0x00007fff5b290000 - 0x00007fff5b32e000 	C:\WINDOWS\System32\msvcrt.dll
0x00007fff5aa70000 - 0x00007fff5ac04000 	C:\WINDOWS\System32\gdi32full.dll
0x00007fff5cad0000 - 0x00007fff5ce06000 	C:\WINDOWS\System32\combase.dll
0x00007fff5a8f0000 - 0x00007fff5a98e000 	C:\WINDOWS\System32\msvcp_win.dll
0x00007fff5c330000 - 0x00007fff5c450000 	C:\WINDOWS\System32\RPCRT4.dll
0x00007fff5a990000 - 0x00007fff5aa10000 	C:\WINDOWS\System32\bcryptPrimitives.dll
0x00007fff5c930000 - 0x00007fff5c95e000 	C:\WINDOWS\System32\IMM32.DLL
0x00007fff485d0000 - 0x00007fff4866d000 	C:\Program Files\JetBrains\IntelliJ IDEA Community Edition 2019.3.4\jbr\bin\msvcp140.dll
0x00007fff286e0000 - 0x00007fff2919d000 	C:\Program Files\JetBrains\IntelliJ IDEA Community Edition 2019.3.4\jbr\bin\server\jvm.dll
0x00007fff5b5e0000 - 0x00007fff5b683000 	C:\WINDOWS\System32\ADVAPI32.dll
0x00007fff5b330000 - 0x00007fff5b3c7000 	C:\WINDOWS\System32\sechost.dll
0x00007fff5cac0000 - 0x00007fff5cac8000 	C:\WINDOWS\System32\PSAPI.DLL
0x00007fff475a0000 - 0x00007fff475a9000 	C:\WINDOWS\SYSTEM32\WSOCK32.dll
0x00007fff5cec0000 - 0x00007fff5cf2f000 	C:\WINDOWS\System32\WS2_32.dll
0x00007fff56380000 - 0x00007fff563a4000 	C:\WINDOWS\SYSTEM32\WINMM.dll
0x00007fff4e030000 - 0x00007fff4e03a000 	C:\WINDOWS\SYSTEM32\VERSION.dll
0x00007fff56350000 - 0x00007fff5637d000 	C:\WINDOWS\SYSTEM32\WINMMBASE.dll
0x00007fff5acc0000 - 0x00007fff5ad0a000 	C:\WINDOWS\System32\cfgmgr32.dll
0x00007fff5a0e0000 - 0x00007fff5a0f1000 	C:\WINDOWS\System32\kernel.appcore.dll
0x00007fff4f8e0000 - 0x00007fff4f8f1000 	C:\Program Files\JetBrains\IntelliJ IDEA Community Edition 2019.3.4\jbr\bin\verify.dll
0x00007fff589b0000 - 0x00007fff58ba4000 	C:\WINDOWS\SYSTEM32\DBGHELP.DLL
0x00007fff465c0000 - 0x00007fff465ea000 	C:\WINDOWS\SYSTEM32\dbgcore.DLL
0x00007fff41370000 - 0x00007fff41399000 	C:\Program Files\JetBrains\IntelliJ IDEA Community Edition 2019.3.4\jbr\bin\java.dll
0x00007fff4ca60000 - 0x00007fff4ca78000 	C:\Program Files\JetBrains\IntelliJ IDEA Community Edition 2019.3.4\jbr\bin\zip.dll
0x00007fff50840000 - 0x00007fff5084b000 	C:\Program Files\JetBrains\IntelliJ IDEA Community Edition 2019.3.4\jbr\bin\jimage.dll
0x00007fff5b7d0000 - 0x00007fff5beb5000 	C:\WINDOWS\System32\SHELL32.dll
0x00007fff5b3d0000 - 0x00007fff5b479000 	C:\WINDOWS\System32\shcore.dll
0x00007fff5a170000 - 0x00007fff5a8f0000 	C:\WINDOWS\System32\windows.storage.dll
0x00007fff5a0b0000 - 0x00007fff5a0d3000 	C:\WINDOWS\System32\profapi.dll
0x00007fff5a100000 - 0x00007fff5a14a000 	C:\WINDOWS\System32\powrprof.dll
0x00007fff5a0a0000 - 0x00007fff5a0b0000 	C:\WINDOWS\System32\UMPDC.dll
0x00007fff5b770000 - 0x00007fff5b7c2000 	C:\WINDOWS\System32\shlwapi.dll
0x00007fff5afc0000 - 0x00007fff5afd7000 	C:\WINDOWS\System32\cryptsp.dll
0x00007fff44410000 - 0x00007fff4442a000 	C:\Program Files\JetBrains\IntelliJ IDEA Community Edition 2019.3.4\jbr\bin\net.dll
0x00007fff4d180000 - 0x00007fff4d270000 	C:\WINDOWS\SYSTEM32\WINHTTP.dll
0x00007fff59910000 - 0x00007fff59977000 	C:\WINDOWS\system32\mswsock.dll
0x00007fff40fe0000 - 0x00007fff40ff4000 	C:\Program Files\JetBrains\IntelliJ IDEA Community Edition 2019.3.4\jbr\bin\nio.dll
0x00007fff3fbb0000 - 0x00007fff3fbd7000 	C:\Users\ASUS\.gradle\native\c976cfcca226fdd4bee4412e95191dd41148b7504f9625baeda1d523bc39a967\windows-amd64\native-platform.dll
0x00007fff4d410000 - 0x00007fff4d41a000 	C:\Program Files\JetBrains\IntelliJ IDEA Community Edition 2019.3.4\jbr\bin\management.dll
0x00007fff4b920000 - 0x00007fff4b92c000 	C:\Program Files\JetBrains\IntelliJ IDEA Community Edition 2019.3.4\jbr\bin\management_ext.dll
0x00007fff59480000 - 0x00007fff594b3000 	C:\WINDOWS\system32\rsaenh.dll
0x00007fff5aa40000 - 0x00007fff5aa66000 	C:\WINDOWS\System32\bcrypt.dll
0x00007fff59f90000 - 0x00007fff59fb5000 	C:\WINDOWS\SYSTEM32\USERENV.dll
0x00007fff59ae0000 - 0x00007fff59aec000 	C:\WINDOWS\SYSTEM32\CRYPTBASE.dll
0x00007fff59620000 - 0x00007fff5965a000 	C:\WINDOWS\SYSTEM32\IPHLPAPI.DLL
0x00007fff5d190000 - 0x00007fff5d198000 	C:\WINDOWS\System32\NSI.dll
0x00007fff4e3a0000 - 0x00007fff4e3b6000 	C:\WINDOWS\SYSTEM32\dhcpcsvc6.DLL
0x00007fff4e350000 - 0x00007fff4e36c000 	C:\WINDOWS\SYSTEM32\dhcpcsvc.DLL
0x00007fff59660000 - 0x00007fff5972a000 	C:\WINDOWS\SYSTEM32\DNSAPI.dll

dbghelp: loaded successfully - version: 4.0.5 - missing functions: none
symbol engine: initialized successfully - sym options: 0x614 - pdb path: .;C:\Program Files\JetBrains\IntelliJ IDEA Community Edition 2019.3.4\jbr\bin;C:\WINDOWS\SYSTEM32;C:\WINDOWS\WinSxS\amd64_microsoft.windows.common-controls_6595b64144ccf1df_6.0.18362.778_none_e6c6b761130d4fb8;C:\Program Files\JetBrains\IntelliJ IDEA Community Edition 2019.3.4\jbr\bin\server;C:\Users\ASUS\.gradle\native\c976cfcca226fdd4bee4412e95191dd41148b7504f9625baeda1d523bc39a967\windows-amd64

VM Arguments:
jvm_args: --add-opens=java.base/java.util=ALL-UNNAMED --add-opens=java.base/java.lang=ALL-UNNAMED --add-opens=java.base/java.lang.invoke=ALL-UNNAMED --add-opens=java.prefs/java.util.prefs=ALL-UNNAMED -XX:MaxMetaspaceSize=256m -XX:+HeapDumpOnOutOfMemoryError -Xms256m -Xmx512m -Dfile.encoding=windows-1252 -Duser.country=ID -Duser.language=en -Duser.variant 
java_command: org.gradle.launcher.daemon.bootstrap.GradleDaemon 6.3
java_class_path (initial): C:\Users\ASUS\.gradle\wrapper\dists\gradle-6.3-bin\8tpu6egwsccjzp10c1jckl0rx\gradle-6.3\lib\gradle-launcher-6.3.jar
Launcher Type: SUN_STANDARD

[Global flags]
     intx CICompilerCount                          = 2                                         {product} {ergonomic}
   size_t CompressedClassSpaceSize                 = 260046848                                 {product} {ergonomic}
     uint ConcGCThreads                            = 1                                         {product} {ergonomic}
     uint G1ConcRefinementThreads                  = 2                                         {product} {ergonomic}
   size_t G1HeapRegionSize                         = 1048576                                   {product} {ergonomic}
    uintx GCDrainStackTargetSize                   = 64                                        {product} {ergonomic}
     bool HeapDumpOnOutOfMemoryError               = true                                   {manageable} {command line}
   size_t InitialHeapSize                          = 268435456                                 {product} {command line}
   size_t MarkStackSize                            = 4194304                                   {product} {ergonomic}
   size_t MaxHeapSize                              = 536870912                                 {product} {command line}
   size_t MaxMetaspaceSize                         = 268435456                                 {product} {command line}
   size_t MaxNewSize                               = 321912832                                 {product} {ergonomic}
   size_t MinHeapDeltaBytes                        = 1048576                                   {product} {ergonomic}
    uintx NonNMethodCodeHeapSize                   = 5825164                                {pd product} {ergonomic}
    uintx NonProfiledCodeHeapSize                  = 122916538                              {pd product} {ergonomic}
    uintx ProfiledCodeHeapSize                     = 122916538                              {pd product} {ergonomic}
    uintx ReservedCodeCacheSize                    = 251658240                              {pd product} {ergonomic}
     bool SegmentedCodeCache                       = true                                      {product} {ergonomic}
     bool UseCompressedClassPointers               = true                                 {lp64_product} {ergonomic}
     bool UseCompressedOops                        = true                                 {lp64_product} {ergonomic}
     bool UseG1GC                                  = true                                      {product} {ergonomic}
     bool UseLargePagesIndividualAllocation        = false                                  {pd product} {ergonomic}

Logging:
Log output configuration:
 #0: stdout all=warning uptime,level,tags
 #1: stderr all=off uptime,level,tags

Environment Variables:
PATH=C:\Program Files\Java\jdk-13.0.2\bin;C:\Program Files (x86)\Common Files\Oracle\Java\javapath;C:\Program Files (x86)\Common Files\Intel\Shared Files\cpp\bin\Intel64;C:\Program Files (x86)\Intel\TXE Components\iCLS\;C:\Program Files\Intel\TXE Components\iCLS\;C:\WINDOWS\system32;C:\WINDOWS;C:\WINDOWS\System32\Wbem;C:\WINDOWS\System32\WindowsPowerShell\v1.0\;C:\Program Files\Intel\TXE Components\DAL\;C:\Program Files (x86)\Intel\TXE Components\DAL\;C:\Program Files\Intel\TXE Components\IPT\;C:\Program Files (x86)\Intel\TXE Components\IPT\;C:\WINDOWS\System32\OpenSSH\;C:\Program Files\PuTTY\;;C:\Program Files (x86)\Gpg4win\..\GnuPG\bin;C:\Users\ASUS\AppData\Local\Microsoft\WindowsApps;;C:\Modeltech_pe_edu_10.4a\win32pe_edu;d:\koku\modelsim\win32pe_edu;C:\Modeltech_pe_edu_10.3a\win32pe_edu;C:\Program Files (x86)\Nmap;C:\Program Files\JetBrains\IntelliJ IDEA Community Edition 2019.3.4\bin;
USERNAME=ASUS
OS=Windows_NT
PROCESSOR_IDENTIFIER=Intel64 Family 6 Model 122 Stepping 1, GenuineIntel



---------------  S Y S T E M  ---------------

OS: Windows 10 , 64 bit Build 18362 (10.0.18362.778)

CPU:total 2 (initial active 2) (2 cores per cpu, 1 threads per core) family 6 model 122 stepping 1, cmov, cx8, fxsr, mmx, sse, sse2, sse3, ssse3, sse4.1, sse4.2, popcnt, aes, clmul, erms, 3dnowpref, tsc, tscinvbit, sha

Memory: 4k page, system-wide physical 3919M (426M free)
TotalPageFile size 15695M (AvailPageFile size 0M)
current process WorkingSet (physical memory assigned to process): 46M, peak: 341M
current process commit charge ("private bytes"): 419M, peak: 443M

vm_info: OpenJDK 64-Bit Server VM (11.0.6+8-b520.43) for windows-amd64 JRE (11.0.6+8-b520.43), built on Feb  3 2020 14:18:56 by "" with MS VC++ 14.0 (VS2015)

END.
